#
# There is insufficient memory for the Java Runtime Environment to continue.
# Native memory allocation (mmap) failed to map 349700096 bytes for committing reserved memory.
# Possible reasons:
#   The system is out of physical RAM or swap space
#   In 32 bit mode, the process size limit was hit
# Possible solutions:
#   Reduce memory load on the system
#   Increase physical memory or swap space
#   Check if swap backing store is full
#   Use 64 bit Java on a 64 bit OS
#   Decrease Java heap size (-Xmx/-Xms)
#   Decrease number of Java threads
#   Decrease Java thread stack sizes (-Xss)
#   Set larger code cache with -XX:ReservedCodeCacheSize=
# This output file may be truncated or incomplete.
#
#  Out of Memory Error (os_linux.cpp:2673), pid=24045, tid=140259764229888
#
# JRE version:  (8.0_40-b25) (build )
# Java VM: Java HotSpot(TM) 64-Bit Server VM (25.40-b25 mixed mode linux-amd64 compressed oops)
# Failed to write core dump. Core dumps have been disabled. To enable core dumping, try "ulimit -c unlimited" before starting Java again
#

---------------  T H R E A D  ---------------

Current thread (0x00007f90bc00b800):  JavaThread "Unknown thread" [_thread_in_vm, id=24046, stack(0x00007f90c55c5000,0x00007f90c56c6000)]

Stack: [0x00007f90c55c5000,0x00007f90c56c6000],  sp=0x00007f90c56c4370,  free space=1020k
Native frames: (J=compiled Java code, j=interpreted, Vv=VM code, C=native code)
V  [libjvm.so+0xaaca9a]  VMError::report_and_die()+0x2ba
V  [libjvm.so+0x4f333b]  report_vm_out_of_memory(char const*, int, unsigned long, VMErrorType, char const*)+0x8b
V  [libjvm.so+0x90e8c3]  os::Linux::commit_memory_impl(char*, unsigned long, bool)+0x103
V  [libjvm.so+0x90ee19]  os::pd_commit_memory(char*, unsigned long, unsigned long, bool)+0x29
V  [libjvm.so+0x90877a]  os::commit_memory(char*, unsigned long, unsigned long, bool)+0x2a
V  [libjvm.so+0x97bbc3]  PSVirtualSpace::expand_by(unsigned long)+0x53
V  [libjvm.so+0x96bc77]  PSOldGen::initialize(ReservedSpace, unsigned long, char const*, int)+0xb7
V  [libjvm.so+0x2d4cda]  AdjoiningGenerations::AdjoiningGenerations(ReservedSpace, GenerationSizer*, unsigned long)+0x39a
V  [libjvm.so+0x931816]  ParallelScavengeHeap::initialize()+0x1d6
V  [libjvm.so+0xa75bab]  Universe::initialize_heap()+0xfb
V  [libjvm.so+0xa75f1e]  universe_init()+0x3e
V  [libjvm.so+0x62f665]  init_globals()+0x65
V  [libjvm.so+0xa5a12e]  Threads::create_vm(JavaVMInitArgs*, bool*)+0x23e
V  [libjvm.so+0x6c3274]  JNI_CreateJavaVM+0x74
C  [libjli.so+0x745e]  JavaMain+0x9e
C  [libpthread.so.0+0x80a5]  start_thread+0xc5


---------------  P R O C E S S  ---------------

Java Threads: ( => current thread )

Other Threads:

=>0x00007f90bc00b800 (exited) JavaThread "Unknown thread" [_thread_in_vm, id=24046, stack(0x00007f90c55c5000,0x00007f90c56c6000)]

VM state:not at safepoint (not fully initialized)

VM Mutex/Monitor currently owned by a thread: None

GC Heap History (0 events):
No events

Deoptimization events (0 events):
No events

Internal exceptions (0 events):
No events

Events (0 events):
No events


Dynamic libraries:
00400000-00401000 r-xp 00000000 08:04 2302058                            /usr/local/java/jdk1.8.0_40/bin/java
00600000-00601000 rw-p 00000000 08:04 2302058                            /usr/local/java/jdk1.8.0_40/bin/java
01857000-01878000 rw-p 00000000 00:00 0                                  [heap]
d6580000-eb300000 ---p 00000000 00:00 0 
eb300000-f5980000 rw-p 00000000 00:00 0 
f5980000-100000000 ---p 00000000 00:00 0 
7f90ad000000-7f90ad270000 rwxp 00000000 00:00 0 
7f90ad270000-7f90bc000000 ---p 00000000 00:00 0 
7f90bc000000-7f90bc033000 rw-p 00000000 00:00 0 
7f90bc033000-7f90c0000000 ---p 00000000 00:00 0 
7f90c1f25000-7f90c21a9000 rw-p 00000000 00:00 0 
7f90c21a9000-7f90c22f6000 ---p 00000000 00:00 0 
7f90c22f6000-7f90c234a000 rw-p 00000000 00:00 0 
7f90c234a000-7f90c239d000 ---p 00000000 00:00 0 
7f90c239d000-7f90c23a8000 rw-p 00000000 00:00 0 
7f90c23a8000-7f90c275e000 ---p 00000000 00:00 0 
7f90c275e000-7f90c2778000 r-xp 00000000 08:04 2304223                    /usr/local/java/jdk1.8.0_40/jre/lib/amd64/libzip.so
7f90c2778000-7f90c2978000 ---p 0001a000 08:04 2304223                    /usr/local/java/jdk1.8.0_40/jre/lib/amd64/libzip.so
7f90c2978000-7f90c2979000 rw-p 0001a000 08:04 2304223                    /usr/local/java/jdk1.8.0_40/jre/lib/amd64/libzip.so
7f90c2979000-7f90c2984000 r-xp 00000000 08:04 5111913                    /lib/x86_64-linux-gnu/libnss_files-2.19.so
7f90c2984000-7f90c2b83000 ---p 0000b000 08:04 5111913                    /lib/x86_64-linux-gnu/libnss_files-2.19.so
7f90c2b83000-7f90c2b84000 r--p 0000a000 08:04 5111913                    /lib/x86_64-linux-gnu/libnss_files-2.19.so
7f90c2b84000-7f90c2b85000 rw-p 0000b000 08:04 5111913                    /lib/x86_64-linux-gnu/libnss_files-2.19.so
7f90c2b85000-7f90c2b90000 r-xp 00000000 08:04 5114449                    /lib/x86_64-linux-gnu/libnss_nis-2.19.so
7f90c2b90000-7f90c2d8f000 ---p 0000b000 08:04 5114449                    /lib/x86_64-linux-gnu/libnss_nis-2.19.so
7f90c2d8f000-7f90c2d90000 r--p 0000a000 08:04 5114449                    /lib/x86_64-linux-gnu/libnss_nis-2.19.so
7f90c2d90000-7f90c2d91000 rw-p 0000b000 08:04 5114449                    /lib/x86_64-linux-gnu/libnss_nis-2.19.so
7f90c2d91000-7f90c2da8000 r-xp 00000000 08:04 5111899                    /lib/x86_64-linux-gnu/libnsl-2.19.so
7f90c2da8000-7f90c2fa7000 ---p 00017000 08:04 5111899                    /lib/x86_64-linux-gnu/libnsl-2.19.so
7f90c2fa7000-7f90c2fa8000 r--p 00016000 08:04 5111899                    /lib/x86_64-linux-gnu/libnsl-2.19.so
7f90c2fa8000-7f90c2fa9000 rw-p 00017000 08:04 5111899                    /lib/x86_64-linux-gnu/libnsl-2.19.so
7f90c2fa9000-7f90c2fab000 rw-p 00000000 00:00 0 
7f90c2fab000-7f90c2fb4000 r-xp 00000000 08:04 5111900                    /lib/x86_64-linux-gnu/libnss_compat-2.19.so
7f90c2fb4000-7f90c31b3000 ---p 00009000 08:04 5111900                    /lib/x86_64-linux-gnu/libnss_compat-2.19.so
7f90c31b3000-7f90c31b4000 r--p 00008000 08:04 5111900                    /lib/x86_64-linux-gnu/libnss_compat-2.19.so
7f90c31b4000-7f90c31b5000 rw-p 00009000 08:04 5111900                    /lib/x86_64-linux-gnu/libnss_compat-2.19.so
7f90c31b5000-7f90c31df000 r-xp 00000000 08:04 2304218                    /usr/local/java/jdk1.8.0_40/jre/lib/amd64/libjava.so
7f90c31df000-7f90c33df000 ---p 0002a000 08:04 2304218                    /usr/local/java/jdk1.8.0_40/jre/lib/amd64/libjava.so
7f90c33df000-7f90c33e1000 rw-p 0002a000 08:04 2304218                    /usr/local/java/jdk1.8.0_40/jre/lib/amd64/libjava.so
7f90c33e1000-7f90c33ee000 r-xp 00000000 08:04 2304222                    /usr/local/java/jdk1.8.0_40/jre/lib/amd64/libverify.so
7f90c33ee000-7f90c35ee000 ---p 0000d000 08:04 2304222                    /usr/local/java/jdk1.8.0_40/jre/lib/amd64/libverify.so
7f90c35ee000-7f90c35f0000 rw-p 0000d000 08:04 2304222                    /usr/local/java/jdk1.8.0_40/jre/lib/amd64/libverify.so
7f90c35f0000-7f90c35f7000 r-xp 00000000 08:04 5114517                    /lib/x86_64-linux-gnu/librt-2.19.so
7f90c35f7000-7f90c37f6000 ---p 00007000 08:04 5114517                    /lib/x86_64-linux-gnu/librt-2.19.so
7f90c37f6000-7f90c37f7000 r--p 00006000 08:04 5114517                    /lib/x86_64-linux-gnu/librt-2.19.so
7f90c37f7000-7f90c37f8000 rw-p 00007000 08:04 5114517                    /lib/x86_64-linux-gnu/librt-2.19.so
7f90c37f8000-7f90c38fd000 r-xp 00000000 08:04 5111823                    /lib/x86_64-linux-gnu/libm-2.19.so
7f90c38fd000-7f90c3afc000 ---p 00105000 08:04 5111823                    /lib/x86_64-linux-gnu/libm-2.19.so
7f90c3afc000-7f90c3afd000 r--p 00104000 08:04 5111823                    /lib/x86_64-linux-gnu/libm-2.19.so
7f90c3afd000-7f90c3afe000 rw-p 00105000 08:04 5111823                    /lib/x86_64-linux-gnu/libm-2.19.so
7f90c3afe000-7f90c47ac000 r-xp 00000000 08:04 2310152                    /usr/local/java/jdk1.8.0_40/jre/lib/amd64/server/libjvm.so
7f90c47ac000-7f90c49ab000 ---p 00cae000 08:04 2310152                    /usr/local/java/jdk1.8.0_40/jre/lib/amd64/server/libjvm.so
7f90c49ab000-7f90c4a82000 rw-p 00cad000 08:04 2310152                    /usr/local/java/jdk1.8.0_40/jre/lib/amd64/server/libjvm.so
7f90c4a82000-7f90c4ac6000 rw-p 00000000 00:00 0 
7f90c4ac6000-7f90c4c80000 r-xp 00000000 08:04 5112906                    /lib/x86_64-linux-gnu/libc-2.19.so
7f90c4c80000-7f90c4e7f000 ---p 001ba000 08:04 5112906                    /lib/x86_64-linux-gnu/libc-2.19.so
7f90c4e7f000-7f90c4e83000 r--p 001b9000 08:04 5112906                    /lib/x86_64-linux-gnu/libc-2.19.so
7f90c4e83000-7f90c4e85000 rw-p 001bd000 08:04 5112906                    /lib/x86_64-linux-gnu/libc-2.19.so
7f90c4e85000-7f90c4e8a000 rw-p 00000000 00:00 0 
7f90c4e8a000-7f90c4e8d000 r-xp 00000000 08:04 5111902                    /lib/x86_64-linux-gnu/libdl-2.19.so
7f90c4e8d000-7f90c508c000 ---p 00003000 08:04 5111902                    /lib/x86_64-linux-gnu/libdl-2.19.so
7f90c508c000-7f90c508d000 r--p 00002000 08:04 5111902                    /lib/x86_64-linux-gnu/libdl-2.19.so
7f90c508d000-7f90c508e000 rw-p 00003000 08:04 5111902                    /lib/x86_64-linux-gnu/libdl-2.19.so
7f90c508e000-7f90c50a3000 r-xp 00000000 08:04 2303713                    /usr/local/java/jdk1.8.0_40/lib/amd64/jli/libjli.so
7f90c50a3000-7f90c52a3000 ---p 00015000 08:04 2303713                    /usr/local/java/jdk1.8.0_40/lib/amd64/jli/libjli.so
7f90c52a3000-7f90c52a4000 rw-p 00015000 08:04 2303713                    /usr/local/java/jdk1.8.0_40/lib/amd64/jli/libjli.so
7f90c52a4000-7f90c52bd000 r-xp 00000000 08:04 5111903                    /lib/x86_64-linux-gnu/libpthread-2.19.so
7f90c52bd000-7f90c54bc000 ---p 00019000 08:04 5111903                    /lib/x86_64-linux-gnu/libpthread-2.19.so
7f90c54bc000-7f90c54bd000 r--p 00018000 08:04 5111903                    /lib/x86_64-linux-gnu/libpthread-2.19.so
7f90c54bd000-7f90c54be000 rw-p 00019000 08:04 5111903                    /lib/x86_64-linux-gnu/libpthread-2.19.so
7f90c54be000-7f90c54c2000 rw-p 00000000 00:00 0 
7f90c54c2000-7f90c54e5000 r-xp 00000000 08:04 5111909                    /lib/x86_64-linux-gnu/ld-2.19.so
7f90c55c5000-7f90c55c8000 ---p 00000000 00:00 0 
7f90c55c8000-7f90c56ca000 rw-p 00000000 00:00 0                          [stack:24046]
7f90c56d5000-7f90c56d8000 rw-p 00000000 00:00 0 
7f90c56d8000-7f90c56e0000 rw-s 00000000 08:04 1310758                    /tmp/hsperfdata_ankit/24045
7f90c56e0000-7f90c56e1000 rw-p 00000000 00:00 0 
7f90c56e1000-7f90c56e2000 r--p 00000000 00:00 0 
7f90c56e2000-7f90c56e4000 rw-p 00000000 00:00 0 
7f90c56e4000-7f90c56e5000 r--p 00022000 08:04 5111909                    /lib/x86_64-linux-gnu/ld-2.19.so
7f90c56e5000-7f90c56e6000 rw-p 00023000 08:04 5111909                    /lib/x86_64-linux-gnu/ld-2.19.so
7f90c56e6000-7f90c56e7000 rw-p 00000000 00:00 0 
7ffdd2b9d000-7ffdd2bbf000 rw-p 00000000 00:00 0                          [stack]
7ffdd2bc4000-7ffdd2bc6000 r-xp 00000000 00:00 0                          [vdso]
7ffdd2bc6000-7ffdd2bc8000 r--p 00000000 00:00 0                          [vvar]
ffffffffff600000-ffffffffff601000 r-xp 00000000 00:00 0                  [vsyscall]

VM Arguments:
jvm_args: -Xms500m -Xmx1000m 
java_command: poke.server.Server server0.conf
java_class_path (initial): .:/home/ankit/Downloads/CMPE275/TeamProject/Distributed-file-system-server-with-RAFT/core-netty-4.4-version-2/lib/guava-13.0.1.jar:/home/ankit/Downloads/CMPE275/TeamProject/Distributed-file-system-server-with-RAFT/core-netty-4.4-version-2/lib/._jackson-all-1.8.5.jar:/home/ankit/Downloads/CMPE275/TeamProject/Distributed-file-system-server-with-RAFT/core-netty-4.4-version-2/lib/._bonecp-0.7.1.RELEASE.jar:/home/ankit/Downloads/CMPE275/TeamProject/Distributed-file-system-server-with-RAFT/core-netty-4.4-version-2/lib/commons-collections-3.2.1.jar:/home/ankit/Downloads/CMPE275/TeamProject/Distributed-file-system-server-with-RAFT/core-netty-4.4-version-2/lib/mysql-connector.jar:/home/ankit/Downloads/CMPE275/TeamProject/Distributed-file-system-server-with-RAFT/core-netty-4.4-version-2/lib/junit-4.8.2.jar:/home/ankit/Downloads/CMPE275/TeamProject/Distributed-file-system-server-with-RAFT/core-netty-4.4-version-2/lib/slf4j-api-1.7.2.jar:/home/ankit/Downloads/CMPE275/TeamProject/Distributed-file-system-server-with-RAFT/core-netty-4.4-version-2/lib/netty-all-4.0.15.Final.jar:/home/ankit/Downloads/CMPE275/TeamProject/Distributed-file-system-server-with-RAFT/core-netty-4.4-version-2/lib/._slf4j-api-1.7.2.jar:/home/ankit/Downloads/CMPE275/TeamProject/Distributed-file-system-server-with-RAFT/core-netty-4.4-version-2/lib/bonecp-0.7.1.RELEASE.jar:/home/ankit/Downloads/CMPE275/TeamProject/Distributed-file-system-server-with-RAFT/core-netty-4.4-version-2/lib/apache-commons-net.jar:/home/ankit/Downloads/CMPE275/TeamProject/Distributed-file-system-server-with-RAFT/core-netty-4.4-version-2/lib/._guava-13.0.1.jar:/home/ankit/Downloads/CMPE275/TeamProject/Distributed-file-system-server-with-RAFT/core-netty-4.4-version-2/lib/slf4j-simple-1.7.2.jar:/home/ankit/Downloads/CMPE275/TeamProject/Distributed-file-system-server-with-RAFT/core-netty-4.4-version-2/lib/._protobuf-java-2.5.0.jar:/home/ankit/Downloads/CMPE275/TeamProject/Distributed-file-system-server-with-RAFT
Launcher Type: SUN_STANDARD

Environment Variables:
JAVA_HOME=/usr/local/java/jdk1.8.0_40
PATH=/home/ankit/.gvm/vertx/current/bin:/home/ankit/.gvm/springboot/current/bin:/home/ankit/.gvm/lazybones/current/bin:/home/ankit/.gvm/jbake/current/bin:/home/ankit/.gvm/groovyserv/current/bin:/home/ankit/.gvm/groovy/current/bin:/home/ankit/.gvm/griffon/current/bin:/home/ankit/.gvm/grails/current/bin:/home/ankit/.gvm/gradle/current/bin:/home/ankit/.gvm/glide/current/bin:/home/ankit/.gvm/gaiden/current/bin:/home/ankit/.gvm/crash/current/bin:/home/ankit/.gvm/asciidoctorj/current/bin:/usr/local/sbin:/usr/local/bin:/usr/sbin:/usr/bin:/sbin:/bin:/usr/games:/usr/local/games:/home/ankit/bin:/usr/local/java/jdk1.8.0_40/bin
SHELL=/bin/bash
DISPLAY=:0

Signal Handlers:
SIGSEGV: [libjvm.so+0xaad2e0], sa_mask[0]=11111111011111111101111111111110, sa_flags=SA_RESTART|SA_SIGINFO
SIGBUS: [libjvm.so+0xaad2e0], sa_mask[0]=11111111011111111101111111111110, sa_flags=SA_RESTART|SA_SIGINFO
SIGFPE: [libjvm.so+0x90b550], sa_mask[0]=11111111011111111101111111111110, sa_flags=SA_RESTART|SA_SIGINFO
SIGPIPE: [libjvm.so+0x90b550], sa_mask[0]=11111111011111111101111111111110, sa_flags=SA_RESTART|SA_SIGINFO
SIGXFSZ: [libjvm.so+0x90b550], sa_mask[0]=11111111011111111101111111111110, sa_flags=SA_RESTART|SA_SIGINFO
SIGILL: [libjvm.so+0x90b550], sa_mask[0]=11111111011111111101111111111110, sa_flags=SA_RESTART|SA_SIGINFO
SIGUSR1: SIG_DFL, sa_mask[0]=00000000000000000000000000000000, sa_flags=none
SIGUSR2: [libjvm.so+0x90cb90], sa_mask[0]=00000000000000000000000000000000, sa_flags=SA_RESTART|SA_SIGINFO
SIGHUP: SIG_DFL, sa_mask[0]=00000000000000000000000000000000, sa_flags=none
SIGINT: SIG_DFL, sa_mask[0]=00000000000000000000000000000000, sa_flags=none
SIGTERM: SIG_DFL, sa_mask[0]=00000000000000000000000000000000, sa_flags=none
SIGQUIT: SIG_DFL, sa_mask[0]=00000000000000000000000000000000, sa_flags=none


---------------  S Y S T E M  ---------------

OS:DISTRIB_ID=Ubuntu
DISTRIB_RELEASE=14.10
DISTRIB_CODENAME=utopic
DISTRIB_DESCRIPTION="Ubuntu 14.10"

uname:Linux 3.16.0-34-generic #45-Ubuntu SMP Mon Mar 23 17:21:27 UTC 2015 x86_64
libc:glibc 2.19 NPTL 2.19 
rlimit: STACK 8192k, CORE 0k, NPROC 14928, NOFILE 4096, AS infinity
load average:0.52 0.52 0.37

/proc/meminfo:
MemTotal:        3843884 kB
MemFree:          193240 kB
MemAvailable:     242252 kB
Buffers:           51712 kB
Cached:           480776 kB
SwapCached:            0 kB
Active:          3061072 kB
Inactive:         425804 kB
Active(anon):    2962480 kB
Inactive(anon):   323892 kB
Active(file):      98592 kB
Inactive(file):   101912 kB
Unevictable:          32 kB
Mlocked:              32 kB
SwapTotal:             0 kB
SwapFree:              0 kB
Dirty:               184 kB
Writeback:             0 kB
AnonPages:       2954460 kB
Mapped:           138728 kB
Shmem:            331976 kB
Slab:              66748 kB
SReclaimable:      34868 kB
SUnreclaim:        31880 kB
KernelStack:        9248 kB
PageTables:        35080 kB
NFS_Unstable:          0 kB
Bounce:                0 kB
WritebackTmp:          0 kB
CommitLimit:     1921940 kB
Committed_AS:    6867556 kB
VmallocTotal:   34359738367 kB
VmallocUsed:      544376 kB
VmallocChunk:   34359178716 kB
HardwareCorrupted:     0 kB
AnonHugePages:   1888256 kB
HugePages_Total:       0
HugePages_Free:        0
HugePages_Rsvd:        0
HugePages_Surp:        0
Hugepagesize:       2048 kB
DirectMap4k:       76876 kB
DirectMap2M:     3911680 kB


CPU:total 4 (2 cores per cpu, 2 threads per core) family 6 model 37 stepping 5, cmov, cx8, fxsr, mmx, sse, sse2, sse3, ssse3, sse4.1, sse4.2, popcnt, ht, tsc, tscinvbit

/proc/cpuinfo:
processor	: 0
vendor_id	: GenuineIntel
cpu family	: 6
model		: 37
model name	: Intel(R) Core(TM) i3 CPU       M 380  @ 2.53GHz
stepping	: 5
microcode	: 0x2
cpu MHz		: 931.000
cache size	: 3072 KB
physical id	: 0
siblings	: 4
core id		: 0
cpu cores	: 2
apicid		: 0
initial apicid	: 0
fpu		: yes
fpu_exception	: yes
cpuid level	: 11
wp		: yes
flags		: fpu vme de pse tsc msr pae mce cx8 apic sep mtrr pge mca cmov pat pse36 clflush dts acpi mmx fxsr sse sse2 ss ht tm pbe syscall nx rdtscp lm constant_tsc arch_perfmon pebs bts rep_good nopl xtopology nonstop_tsc aperfmperf pni dtes64 monitor ds_cpl vmx est tm2 ssse3 cx16 xtpr pdcm pcid sse4_1 sse4_2 popcnt lahf_lm arat dtherm tpr_shadow vnmi flexpriority ept vpid
bogomips	: 5053.75
clflush size	: 64
cache_alignment	: 64
address sizes	: 36 bits physical, 48 bits virtual
power management:

processor	: 1
vendor_id	: GenuineIntel
cpu family	: 6
model		: 37
model name	: Intel(R) Core(TM) i3 CPU       M 380  @ 2.53GHz
stepping	: 5
microcode	: 0x2
cpu MHz		: 931.000
cache size	: 3072 KB
physical id	: 0
siblings	: 4
core id		: 2
cpu cores	: 2
apicid		: 4
initial apicid	: 4
fpu		: yes
fpu_exception	: yes
cpuid level	: 11
wp		: yes
flags		: fpu vme de pse tsc msr pae mce cx8 apic sep mtrr pge mca cmov pat pse36 clflush dts acpi mmx fxsr sse sse2 ss ht tm pbe syscall nx rdtscp lm constant_tsc arch_perfmon pebs bts rep_good nopl xtopology nonstop_tsc aperfmperf pni dtes64 monitor ds_cpl vmx est tm2 ssse3 cx16 xtpr pdcm pcid sse4_1 sse4_2 popcnt lahf_lm arat dtherm tpr_shadow vnmi flexpriority ept vpid
bogomips	: 5053.75
clflush size	: 64
cache_alignment	: 64
address sizes	: 36 bits physical, 48 bits virtual
power management:

processor	: 2
vendor_id	: GenuineIntel
cpu family	: 6
model		: 37
model name	: Intel(R) Core(TM) i3 CPU       M 380  @ 2.53GHz
stepping	: 5
microcode	: 0x2
cpu MHz		: 1596.000
cache size	: 3072 KB
physical id	: 0
siblings	: 4
core id		: 0
cpu cores	: 2
apicid		: 1
initial apicid	: 1
fpu		: yes
fpu_exception	: yes
cpuid level	: 11
wp		: yes
flags		: fpu vme de pse tsc msr pae mce cx8 apic sep mtrr pge mca cmov pat pse36 clflush dts acpi mmx fxsr sse sse2 ss ht tm pbe syscall nx rdtscp lm constant_tsc arch_perfmon pebs bts rep_good nopl xtopology nonstop_tsc aperfmperf pni dtes64 monitor ds_cpl vmx est tm2 ssse3 cx16 xtpr pdcm pcid sse4_1 sse4_2 popcnt lahf_lm arat dtherm tpr_shadow vnmi flexpriority ept vpid
bogomips	: 5053.75
clflush size	: 64
cache_alignment	: 64
address sizes	: 36 bits physical, 48 bits virtual
power management:

processor	: 3
vendor_id	: GenuineIntel
cpu family	: 6
model		: 37
model name	: Intel(R) Core(TM) i3 CPU       M 380  @ 2.53GHz
stepping	: 5
microcode	: 0x2
cpu MHz		: 1463.000
cache size	: 3072 KB
physical id	: 0
siblings	: 4
core id		: 2
cpu cores	: 2
apicid		: 5
initial apicid	: 5
fpu		: yes
fpu_exception	: yes
cpuid level	: 11
wp		: yes
flags		: fpu vme de pse tsc msr pae mce cx8 apic sep mtrr pge mca cmov pat pse36 clflush dts acpi mmx fxsr sse sse2 ss ht tm pbe syscall nx rdtscp lm constant_tsc arch_perfmon pebs bts rep_good nopl xtopology nonstop_tsc aperfmperf pni dtes64 monitor ds_cpl vmx est tm2 ssse3 cx16 xtpr pdcm pcid sse4_1 sse4_2 popcnt lahf_lm arat dtherm tpr_shadow vnmi flexpriority ept vpid
bogomips	: 5053.75
clflush size	: 64
cache_alignment	: 64
address sizes	: 36 bits physical, 48 bits virtual
power management:



Memory: 4k page, physical 3843884k(193240k free), swap 0k(0k free)

vm_info: Java HotSpot(TM) 64-Bit Server VM (25.40-b25) for linux-amd64 JRE (1.8.0_40-b25), built on Feb 10 2015 21:29:53 by "java_re" with gcc 4.3.0 20080428 (Red Hat 4.3.0-8)

time: Wed Apr 15 04:01:25 2015
elapsed time: 0 seconds (0d 0h 0m 0s)

