#
# There is insufficient memory for the Java Runtime Environment to continue.
# Native memory allocation (mmap) failed to map 327680000 bytes for committing reserved memory.
# Possible reasons:
#   The system is out of physical RAM or swap space
#   In 32 bit mode, the process size limit was hit
# Possible solutions:
#   Reduce memory load on the system
#   Increase physical memory or swap space
#   Check if swap backing store is full
#   Use 64 bit Java on a 64 bit OS
#   Decrease Java heap size (-Xmx/-Xms)
#   Decrease number of Java threads
#   Decrease Java thread stack sizes (-Xss)
#   Set larger code cache with -XX:ReservedCodeCacheSize=
# This output file may be truncated or incomplete.
#
#  Out of Memory Error (os_linux.cpp:2673), pid=13774, tid=139927093573376
#
# JRE version: Java(TM) SE Runtime Environment (8.0_40-b25) (build 1.8.0_40-b25)
# Java VM: Java HotSpot(TM) 64-Bit Server VM (25.40-b25 mixed mode linux-amd64 compressed oops)
# Failed to write core dump. Core dumps have been disabled. To enable core dumping, try "ulimit -c unlimited" before starting Java again
#

---------------  T H R E A D  ---------------

Current thread (0x00007f4368078800):  VMThread [stack: 0x00007f4350a4f000,0x00007f4350b50000] [id=13780]

Stack: [0x00007f4350a4f000,0x00007f4350b50000],  sp=0x00007f4350b4e260,  free space=1020k
Native frames: (J=compiled Java code, j=interpreted, Vv=VM code, C=native code)
V  [libjvm.so+0xaaca9a]  VMError::report_and_die()+0x2ba
V  [libjvm.so+0x4f333b]  report_vm_out_of_memory(char const*, int, unsigned long, VMErrorType, char const*)+0x8b
V  [libjvm.so+0x90e8c3]  os::Linux::commit_memory_impl(char*, unsigned long, bool)+0x103
V  [libjvm.so+0x90ee19]  os::pd_commit_memory(char*, unsigned long, unsigned long, bool)+0x29
V  [libjvm.so+0x90877a]  os::commit_memory(char*, unsigned long, unsigned long, bool)+0x2a
V  [libjvm.so+0x97bbc3]  PSVirtualSpace::expand_by(unsigned long)+0x53
V  [libjvm.so+0x96c420]  PSOldGen::expand(unsigned long)+0x170
V  [libjvm.so+0x96c62b]  PSOldGen::resize(unsigned long)+0x1cb
V  [libjvm.so+0x974341]  PSParallelCompact::invoke_no_policy(bool)+0x9d1
V  [libjvm.so+0x979ced]  PSScavenge::invoke()+0x1ad
V  [libjvm.so+0x932150]  ParallelScavengeHeap::failed_mem_allocate(unsigned long)+0x70
V  [libjvm.so+0xaae2d7]  VM_ParallelGCFailedAllocation::doit()+0x97
V  [libjvm.so+0xab5ac5]  VM_Operation::evaluate()+0x55
V  [libjvm.so+0xab3e9a]  VMThread::evaluate_operation(VM_Operation*)+0xba
V  [libjvm.so+0xab421e]  VMThread::loop()+0x1ce
V  [libjvm.so+0xab4690]  VMThread::run()+0x70
V  [libjvm.so+0x910ee8]  java_start(Thread*)+0x108

VM_Operation (0x00007f434b3644a0): ParallelGCFailedAllocation, mode: safepoint, requested by thread 0x00007f4368487000


---------------  P R O C E S S  ---------------

Java Threads: ( => current thread )
  0x00007f4300020000 JavaThread "nioEventLoopGroup-5-2" [_thread_blocked, id=13813, stack(0x00007f434a85d000,0x00007f434a95e000)]
  0x00007f431000d000 JavaThread "nioEventLoopGroup-3-1" [_thread_blocked, id=13810, stack(0x00007f434a95e000,0x00007f434aa5f000)]
  0x00007f4310004800 JavaThread "nioEventLoopGroup-2-1" [_thread_blocked, id=13808, stack(0x00007f434aa5f000,0x00007f434ab60000)]
  0x00007f430001e800 JavaThread "nioEventLoopGroup-5-1" [_thread_blocked, id=13807, stack(0x00007f434ab60000,0x00007f434ac61000)]
  0x00007f42fc0e5000 JavaThread "nioEventLoopGroup-6-1" [_thread_blocked, id=13802, stack(0x00007f434ac61000,0x00007f434ad62000)]
  0x00007f43080ea800 JavaThread "nioEventLoopGroup-4-1" [_thread_blocked, id=13801, stack(0x00007f434af62000,0x00007f434b063000)]
  0x00007f436800a800 JavaThread "DestroyJavaVM" [_thread_blocked, id=13775, stack(0x00007f436f015000,0x00007f436f116000)]
  0x00007f436848b000 JavaThread "Thread-6" [_thread_blocked, id=13797, stack(0x00007f434b063000,0x00007f434b164000)]
  0x00007f4368489800 JavaThread "Thread-5" [_thread_blocked, id=13796, stack(0x00007f434b164000,0x00007f434b265000)]
  0x00007f4368487000 JavaThread "Thread-4" [_thread_blocked, id=13795, stack(0x00007f434b265000,0x00007f434b366000)]
  0x00007f4368482000 JavaThread "Thread-1" [_thread_blocked, id=13793, stack(0x00007f434b366000,0x00007f434b467000)]
  0x00007f436836b000 JavaThread "process reaper" daemon [_thread_blocked, id=13792, stack(0x00007f434b88f000,0x00007f434b8c8000)]
  0x00007f43682de000 JavaThread "outbound-mgmt-1" [_thread_blocked, id=13790, stack(0x00007f434b8c8000,0x00007f434b9c9000)]
  0x00007f43682dc000 JavaThread "inbound-mgmt-1" [_thread_blocked, id=13789, stack(0x00007f434b9c9000,0x00007f434baca000)]
  0x00007f43680c3800 JavaThread "Service Thread" daemon [_thread_blocked, id=13787, stack(0x00007f434bbfc000,0x00007f434bcfd000)]
  0x00007f43680be800 JavaThread "C1 CompilerThread2" daemon [_thread_blocked, id=13786, stack(0x00007f434bcfd000,0x00007f434bdfe000)]
  0x00007f43680bc800 JavaThread "C2 CompilerThread1" daemon [_thread_blocked, id=13785, stack(0x00007f434bdfe000,0x00007f434beff000)]
  0x00007f43680b9800 JavaThread "C2 CompilerThread0" daemon [_thread_blocked, id=13784, stack(0x00007f434beff000,0x00007f434c000000)]
  0x00007f43680b8000 JavaThread "Signal Dispatcher" daemon [_thread_blocked, id=13783, stack(0x00007f435006a000,0x00007f435016b000)]
  0x00007f436807f800 JavaThread "Finalizer" daemon [_thread_blocked, id=13782, stack(0x00007f435084d000,0x00007f435094e000)]
  0x00007f436807d800 JavaThread "Reference Handler" daemon [_thread_blocked, id=13781, stack(0x00007f435094e000,0x00007f4350a4f000)]

Other Threads:
=>0x00007f4368078800 VMThread [stack: 0x00007f4350a4f000,0x00007f4350b50000] [id=13780]
  0x00007f43680c6000 WatcherThread [stack: 0x00007f434bafb000,0x00007f434bbfc000] [id=13788]

VM state:at safepoint (normal execution)

VM Mutex/Monitor currently owned by a thread:  ([mutex/lock_event])
[0x00007f43680063c0] ExpandHeap_lock - owner thread: 0x00007f4368078800
[0x00007f4368006a40] Threads_lock - owner thread: 0x00007f4368078800
[0x00007f4368006f40] Heap_lock - owner thread: 0x00007f4368487000

Heap:
 PSYoungGen      total 278016K, used 9202K [0x00000000eb300000, 0x0000000100000000, 0x0000000100000000)
  eden space 257024K, 0% used [0x00000000eb300000,0x00000000eb300000,0x00000000fae00000)
  from space 20992K, 43% used [0x00000000fae00000,0x00000000fb6fc890,0x00000000fc280000)
  to   space 62976K, 0% used [0x00000000fc280000,0x00000000fc280000,0x0000000100000000)
 ParOldGen       total 363008K, used 362550K [0x00000000c1800000, 0x00000000d7a80000, 0x00000000eb300000)
  object space 363008K, 99% used [0x00000000c1800000,0x00000000d7a0d9a0,0x00000000d7a80000)
 Metaspace       used 11521K, capacity 11688K, committed 11904K, reserved 1060864K
  class space    used 1293K, capacity 1378K, committed 1408K, reserved 1048576K

Card table byte_map: [0x00007f4358a4b000,0x00007f4358c40000] byte_map_base: 0x00007f435843f000

Marking Bits: (ParMarkBitMap*) 0x00007f436e4ea6c0
 Begin Bits: [0x00007f43520c0000, 0x00007f4353060000)
 End Bits:   [0x00007f4353060000, 0x00007f4354000000)

Polling page: 0x00007f436f130000

CodeCache: size=245760Kb used=5539Kb max_used=5553Kb free=240220Kb
 bounds [0x00007f4359000000, 0x00007f4359580000, 0x00007f4368000000]
 total_blobs=2033 nmethods=1674 adapters=273
 compilation: enabled

Compilation events (10 events):
Event: 22.290 Thread 0x00007f43680bc800 1690       4       io.netty.util.concurrent.SingleThreadEventExecutor::hasTasks (39 bytes)
Event: 22.294 Thread 0x00007f43680bc800 nmethod 1690 0x00007f4359558b90 code [0x00007f4359558ce0, 0x00007f4359558e58]
Event: 22.340 Thread 0x00007f43680bc800 1691       4       java.util.concurrent.atomic.AtomicBoolean::getAndSet (16 bytes)
Event: 22.342 Thread 0x00007f43680bc800 nmethod 1691 0x00007f435951ea10 code [0x00007f435951eb60, 0x00007f435951ec18]
Event: 22.348 Thread 0x00007f43680bc800 1692       4       sun.nio.ch.EPollSelectorImpl::updateSelectedKeys (150 bytes)
Event: 22.351 Thread 0x00007f43680b9800 1693   !   4       sun.nio.ch.EPollArrayWrapper::updateRegistrations (156 bytes)
Event: 22.353 Thread 0x00007f43680b9800 nmethod 1693 0x00007f4359554e90 code [0x00007f4359554fe0, 0x00007f4359555258]
Event: 22.402 Thread 0x00007f43680bc800 nmethod 1692 0x00007f4359572110 code [0x00007f4359572320, 0x00007f4359572e58]
Event: 22.443 Thread 0x00007f43680b9800 1694       4       io.netty.channel.nio.SelectedSelectionKeySet::flip (57 bytes)
Event: 22.443 Thread 0x00007f43680bc800 1695       4       io.netty.util.concurrent.SingleThreadEventExecutor::isShuttingDown (14 bytes)

GC Heap History (10 events):
Event: 12.266 GC heap after
Heap after GC invocations=1 (full 0):
 PSYoungGen      total 149504K, used 6088K [0x00000000eb300000, 0x00000000f5980000, 0x0000000100000000)
  eden space 128512K, 0% used [0x00000000eb300000,0x00000000eb300000,0x00000000f3080000)
  from space 20992K, 29% used [0x00000000f3080000,0x00000000f36720c8,0x00000000f4500000)
  to   space 20992K, 0% used [0x00000000f4500000,0x00000000f4500000,0x00000000f5980000)
 ParOldGen       total 341504K, used 16K [0x00000000c1800000, 0x00000000d6580000, 0x00000000eb300000)
  object space 341504K, 0% used [0x00000000c1800000,0x00000000c1804000,0x00000000d6580000)
 Metaspace       used 11351K, capacity 11560K, committed 11648K, reserved 1058816K
  class space    used 1291K, capacity 1378K, committed 1408K, reserved 1048576K
}
Event: 19.390 GC heap before
{Heap before GC invocations=2 (full 0):
 PSYoungGen      total 149504K, used 134600K [0x00000000eb300000, 0x00000000f5980000, 0x0000000100000000)
  eden space 128512K, 100% used [0x00000000eb300000,0x00000000f3080000,0x00000000f3080000)
  from space 20992K, 29% used [0x00000000f3080000,0x00000000f36720c8,0x00000000f4500000)
  to   space 20992K, 0% used [0x00000000f4500000,0x00000000f4500000,0x00000000f5980000)
 ParOldGen       total 341504K, used 16K [0x00000000c1800000, 0x00000000d6580000, 0x00000000eb300000)
  object space 341504K, 0% used [0x00000000c1800000,0x00000000c1804000,0x00000000d6580000)
 Metaspace       used 11519K, capacity 11688K, committed 11904K, reserved 1060864K
  class space    used 1293K, capacity 1378K, committed 1408K, reserved 1048576K
Event: 19.788 GC heap after
Heap after GC invocations=2 (full 0):
 PSYoungGen      total 149504K, used 20992K [0x00000000eb300000, 0x00000000fd700000, 0x0000000100000000)
  eden space 128512K, 0% used [0x00000000eb300000,0x00000000eb300000,0x00000000f3080000)
  from space 20992K, 100% used [0x00000000f4500000,0x00000000f5980000,0x00000000f5980000)
  to   space 20992K, 0% used [0x00000000f3080000,0x00000000f3080000,0x00000000f4500000)
 ParOldGen       total 341504K, used 54360K [0x00000000c1800000, 0x00000000d6580000, 0x00000000eb300000)
  object space 341504K, 15% used [0x00000000c1800000,0x00000000c4d16000,0x00000000d6580000)
 Metaspace       used 11519K, capacity 11688K, committed 11904K, reserved 1060864K
  class space    used 1293K, capacity 1378K, committed 1408K, reserved 1048576K
}
Event: 20.175 GC heap before
{Heap before GC invocations=3 (full 0):
 PSYoungGen      total 149504K, used 149504K [0x00000000eb300000, 0x00000000fd700000, 0x0000000100000000)
  eden space 128512K, 100% used [0x00000000eb300000,0x00000000f3080000,0x00000000f3080000)
  from space 20992K, 100% used [0x00000000f4500000,0x00000000f5980000,0x00000000f5980000)
  to   space 20992K, 0% used [0x00000000f3080000,0x00000000f3080000,0x00000000f4500000)
 ParOldGen       total 341504K, used 54360K [0x00000000c1800000, 0x00000000d6580000, 0x00000000eb300000)
  object space 341504K, 15% used [0x00000000c1800000,0x00000000c4d16000,0x00000000d6580000)
 Metaspace       used 11520K, capacity 11688K, committed 11904K, reserved 1060864K
  class space    used 1293K, capacity 1378K, committed 1408K, reserved 1048576K
Event: 20.679 GC heap after
Heap after GC invocations=3 (full 0):
 PSYoungGen      total 149504K, used 20976K [0x00000000eb300000, 0x00000000fd700000, 0x0000000100000000)
  eden space 128512K, 0% used [0x00000000eb300000,0x00000000eb300000,0x00000000f3080000)
  from space 20992K, 99% used [0x00000000f3080000,0x00000000f44fc010,0x00000000f4500000)
  to   space 20992K, 0% used [0x00000000fc280000,0x00000000fc280000,0x00000000fd700000)
 ParOldGen       total 341504K, used 134712K [0x00000000c1800000, 0x00000000d6580000, 0x00000000eb300000)
  object space 341504K, 39% used [0x00000000c1800000,0x00000000c9b8e000,0x00000000d6580000)
 Metaspace       used 11520K, capacity 11688K, committed 11904K, reserved 1060864K
  class space    used 1293K, capacity 1378K, committed 1408K, reserved 1048576K
}
Event: 21.086 GC heap before
{Heap before GC invocations=4 (full 0):
 PSYoungGen      total 149504K, used 149488K [0x00000000eb300000, 0x00000000fd700000, 0x0000000100000000)
  eden space 128512K, 100% used [0x00000000eb300000,0x00000000f3080000,0x00000000f3080000)
  from space 20992K, 99% used [0x00000000f3080000,0x00000000f44fc010,0x00000000f4500000)
  to   space 20992K, 0% used [0x00000000fc280000,0x00000000fc280000,0x00000000fd700000)
 ParOldGen       total 341504K, used 134712K [0x00000000c1800000, 0x00000000d6580000, 0x00000000eb300000)
  object space 341504K, 39% used [0x00000000c1800000,0x00000000c9b8e000,0x00000000d6580000)
 Metaspace       used 11521K, capacity 11688K, committed 11904K, reserved 1060864K
  class space    used 1293K, capacity 1378K, committed 1408K, reserved 1048576K
Event: 21.548 GC heap after
Heap after GC invocations=4 (full 0):
 PSYoungGen      total 278016K, used 20960K [0x00000000eb300000, 0x00000000fd700000, 0x0000000100000000)
  eden space 257024K, 0% used [0x00000000eb300000,0x00000000eb300000,0x00000000fae00000)
  from space 20992K, 99% used [0x00000000fc280000,0x00000000fd6f8020,0x00000000fd700000)
  to   space 20992K, 0% used [0x00000000fae00000,0x00000000fae00000,0x00000000fc280000)
 ParOldGen       total 341504K, used 216008K [0x00000000c1800000, 0x00000000d6580000, 0x00000000eb300000)
  object space 341504K, 63% used [0x00000000c1800000,0x00000000ceaf2000,0x00000000d6580000)
 Metaspace       used 11521K, capacity 11688K, committed 11904K, reserved 1060864K
  class space    used 1293K, capacity 1378K, committed 1408K, reserved 1048576K
}
Event: 22.443 GC heap before
{Heap before GC invocations=5 (full 0):
 PSYoungGen      total 278016K, used 277984K [0x00000000eb300000, 0x00000000fd700000, 0x0000000100000000)
  eden space 257024K, 100% used [0x00000000eb300000,0x00000000fae00000,0x00000000fae00000)
  from space 20992K, 99% used [0x00000000fc280000,0x00000000fd6f8020,0x00000000fd700000)
  to   space 20992K, 0% used [0x00000000fae00000,0x00000000fae00000,0x00000000fc280000)
 ParOldGen       total 341504K, used 216008K [0x00000000c1800000, 0x00000000d6580000, 0x00000000eb300000)
  object space 341504K, 63% used [0x00000000c1800000,0x00000000ceaf2000,0x00000000d6580000)
 Metaspace       used 11521K, capacity 11688K, committed 11904K, reserved 1060864K
  class space    used 1293K, capacity 1378K, committed 1408K, reserved 1048576K
Event: 23.357 GC heap after
Heap after GC invocations=5 (full 0):
 PSYoungGen      total 278016K, used 20992K [0x00000000eb300000, 0x0000000100000000, 0x0000000100000000)
  eden space 257024K, 0% used [0x00000000eb300000,0x00000000eb300000,0x00000000fae00000)
  from space 20992K, 100% used [0x00000000fae00000,0x00000000fc280000,0x00000000fc280000)
  to   space 62976K, 0% used [0x00000000fc280000,0x00000000fc280000,0x0000000100000000)
 ParOldGen       total 363008K, used 362248K [0x00000000c1800000, 0x00000000d7a80000, 0x00000000eb300000)
  object space 363008K, 99% used [0x00000000c1800000,0x00000000d79c2000,0x00000000d7a80000)
 Metaspace       used 11521K, capacity 11688K, committed 11904K, reserved 1060864K
  class space    used 1293K, capacity 1378K, committed 1408K, reserved 1048576K
}
Event: 23.382 GC heap before
{Heap before GC invocations=6 (full 1):
 PSYoungGen      total 278016K, used 20992K [0x00000000eb300000, 0x0000000100000000, 0x0000000100000000)
  eden space 257024K, 0% used [0x00000000eb300000,0x00000000eb300000,0x00000000fae00000)
  from space 20992K, 100% used [0x00000000fae00000,0x00000000fc280000,0x00000000fc280000)
  to   space 62976K, 0% used [0x00000000fc280000,0x00000000fc280000,0x0000000100000000)
 ParOldGen       total 363008K, used 362248K [0x00000000c1800000, 0x00000000d7a80000, 0x00000000eb300000)
  object space 363008K, 99% used [0x00000000c1800000,0x00000000d79c2000,0x00000000d7a80000)
 Metaspace       used 11521K, capacity 11688K, committed 11904K, reserved 1060864K
  class space    used 1293K, capacity 1378K, committed 1408K, reserved 1048576K

Deoptimization events (10 events):
Event: 18.178 Thread 0x00007f4300020000 Uncommon trap: reason=speculate_class_check action=maybe_recompile pc=0x00007f4359388a5c method=io.netty.buffer.AbstractByteBuf.ensureAccessible()V @ 1
Event: 18.178 Thread 0x00007f4300020000 Uncommon trap: reason=speculate_class_check action=maybe_recompile pc=0x00007f43593e7d7c method=java.util.concurrent.atomic.AtomicIntegerFieldUpdater$AtomicIntegerFieldUpdaterImpl.fullCheck(Ljava/lang/Object;)V @ 5
Event: 18.211 Thread 0x00007f430001e800 Uncommon trap: reason=speculate_class_check action=maybe_recompile pc=0x00007f43594476b8 method=io.netty.buffer.AbstractByteBuf.checkIndex(II)V @ 46
Event: 18.211 Thread 0x00007f4300020000 Uncommon trap: reason=speculate_class_check action=maybe_recompile pc=0x00007f43594476b8 method=io.netty.buffer.AbstractByteBuf.checkIndex(II)V @ 46
Event: 18.212 Thread 0x00007f430001e800 Uncommon trap: reason=speculate_class_check action=maybe_recompile pc=0x00007f43594476b8 method=io.netty.buffer.AbstractByteBuf.checkIndex(II)V @ 46
Event: 18.212 Thread 0x00007f4300020000 Uncommon trap: reason=speculate_class_check action=maybe_recompile pc=0x00007f43594476b8 method=io.netty.buffer.AbstractByteBuf.checkIndex(II)V @ 46
Event: 18.304 Thread 0x00007f4300020000 Uncommon trap: reason=unstable_if action=reinterpret pc=0x00007f43593df3f4 method=io.netty.buffer.AbstractByteBufAllocator.directBuffer(II)Lio/netty/buffer/ByteBuf; @ 1
Event: 22.410 Thread 0x00007f430001e800 Uncommon trap: reason=unstable_if action=reinterpret pc=0x00007f435954643c method=io.netty.channel.nio.AbstractNioByteChannel.doWrite(Lio/netty/channel/ChannelOutboundBuffer;)V @ 163
Event: 22.410 Thread 0x00007f430001e800 Uncommon trap: reason=unstable_if action=reinterpret pc=0x00007f435956df18 method=io.netty.buffer.UnpooledUnsafeDirectByteBuf.internalNioBuffer()Ljava/nio/ByteBuffer; @ 6
Event: 22.410 Thread 0x00007f430001e800 Uncommon trap: reason=unstable_if action=reinterpret pc=0x00007f4359570694 method=sun.nio.ch.IOUtil.writeFromNativeBuffer(Ljava/io/FileDescriptor;Ljava/nio/ByteBuffer;JLsun/nio/ch/NativeDispatcher;)I @ 121

Internal exceptions (10 events):
Event: 0.532 Thread 0x00007f436800a800 Exception <a 'java/lang/ArrayIndexOutOfBoundsException': 70> (0x00000000ec30fe60) thrown at [/HUDSON/workspace/8-2-build-linux-amd64/jdk8u40/2855/hotspot/src/share/vm/interpreter/interpreterRuntime.cpp, line 366]
Event: 0.532 Thread 0x00007f436800a800 Exception <a 'java/lang/ArrayIndexOutOfBoundsException': 148> (0x00000000ec311e20) thrown at [/HUDSON/workspace/8-2-build-linux-amd64/jdk8u40/2855/hotspot/src/share/vm/interpreter/interpreterRuntime.cpp, line 366]
Event: 0.533 Thread 0x00007f436800a800 Exception <a 'java/lang/ArrayIndexOutOfBoundsException': 89> (0x00000000ec313c98) thrown at [/HUDSON/workspace/8-2-build-linux-amd64/jdk8u40/2855/hotspot/src/share/vm/interpreter/interpreterRuntime.cpp, line 366]
Event: 0.533 Thread 0x00007f436800a800 Exception <a 'java/lang/ArrayIndexOutOfBoundsException': 83> (0x00000000ec315480) thrown at [/HUDSON/workspace/8-2-build-linux-amd64/jdk8u40/2855/hotspot/src/share/vm/interpreter/interpreterRuntime.cpp, line 366]
Event: 0.533 Thread 0x00007f436800a800 Exception <a 'java/lang/ArrayIndexOutOfBoundsException'> (0x00000000ec3165b8) thrown at [/HUDSON/workspace/8-2-build-linux-amd64/jdk8u40/2855/hotspot/src/share/vm/runtime/sharedRuntime.cpp, line 605]
Event: 0.533 Thread 0x00007f436800a800 Exception <a 'java/lang/ArrayIndexOutOfBoundsException'> (0x00000000ec318030) thrown at [/HUDSON/workspace/8-2-build-linux-amd64/jdk8u40/2855/hotspot/src/share/vm/runtime/sharedRuntime.cpp, line 605]
Event: 0.701 Thread 0x00007f436800a800 Exception <a 'java/lang/NoSuchFieldError': method resolution failed> (0x00000000ecae3ba8) thrown at [/HUDSON/workspace/8-2-build-linux-amd64/jdk8u40/2855/hotspot/src/share/vm/prims/methodHandles.cpp, line 1125]
Event: 0.705 Thread 0x00007f436800a800 Exception <a 'java/lang/NoSuchFieldError': method resolution failed> (0x00000000ecaf2588) thrown at [/HUDSON/workspace/8-2-build-linux-amd64/jdk8u40/2855/hotspot/src/share/vm/prims/methodHandles.cpp, line 1125]
Event: 0.755 Thread 0x00007f436800a800 Exception <a 'java/lang/NoClassDefFoundError': javassist/ClassPath> (0x00000000ecbc2308) thrown at [/HUDSON/workspace/8-2-build-linux-amd64/jdk8u40/2855/hotspot/src/share/vm/classfile/systemDictionary.cpp, line 199]
Event: 12.029 Thread 0x00007f43682dc000 Implicit null exception at 0x00007f435938a2e1 to 0x00007f435938a3dd

Events (10 events):
Event: 22.410 Thread 0x00007f430001e800 Uncommon trap: trap_request=0xffffff65 fr.pc=0x00007f435954643c
Event: 22.410 Thread 0x00007f430001e800 DEOPT PACKING pc=0x00007f435954643c sp=0x00007f434ac5f2d0
Event: 22.410 Thread 0x00007f430001e800 DEOPT UNPACKING pc=0x00007f4359005229 sp=0x00007f434ac5f2c8 mode 2
Event: 22.410 Thread 0x00007f430001e800 Uncommon trap: trap_request=0xffffff65 fr.pc=0x00007f435956df18
Event: 22.410 Thread 0x00007f430001e800 DEOPT PACKING pc=0x00007f435956df18 sp=0x00007f434ac5f1c0
Event: 22.410 Thread 0x00007f430001e800 DEOPT UNPACKING pc=0x00007f4359005229 sp=0x00007f434ac5f0e8 mode 2
Event: 22.410 Thread 0x00007f430001e800 Uncommon trap: trap_request=0xffffff65 fr.pc=0x00007f4359570694
Event: 22.411 Thread 0x00007f430001e800 DEOPT PACKING pc=0x00007f4359570694 sp=0x00007f434ac5f0b0
Event: 22.412 Executing VM operation: ParallelGCFailedAllocation
Event: 22.443 Thread 0x00007f430001e800 DEOPT UNPACKING pc=0x00007f4359005229 sp=0x00007f434ac5ef20 mode 2


Dynamic libraries:
00400000-00401000 r-xp 00000000 08:04 2302058                            /usr/local/java/jdk1.8.0_40/bin/java
00600000-00601000 rw-p 00000000 08:04 2302058                            /usr/local/java/jdk1.8.0_40/bin/java
01abb000-01adc000 rw-p 00000000 00:00 0                                  [heap]
c1800000-d7a80000 rw-p 00000000 00:00 0 
eb300000-100000000 rw-p 00000000 00:00 0 
100000000-100160000 rw-p 00000000 00:00 0 
100160000-140000000 ---p 00000000 00:00 0 
7f42e4000000-7f42e4021000 rw-p 00000000 00:00 0 
7f42e4021000-7f42e8000000 ---p 00000000 00:00 0 
7f42ec000000-7f42ec021000 rw-p 00000000 00:00 0 
7f42ec021000-7f42f0000000 ---p 00000000 00:00 0 
7f42f0000000-7f42f002e000 rw-p 00000000 00:00 0 
7f42f002e000-7f42f4000000 ---p 00000000 00:00 0 
7f42f4000000-7f42f4021000 rw-p 00000000 00:00 0 
7f42f4021000-7f42f8000000 ---p 00000000 00:00 0 
7f42f8000000-7f42f803e000 rw-p 00000000 00:00 0 
7f42f803e000-7f42fc000000 ---p 00000000 00:00 0 
7f42fc000000-7f42fc0ea000 rw-p 00000000 00:00 0 
7f42fc0ea000-7f4300000000 ---p 00000000 00:00 0 
7f4300000000-7f4300021000 rw-p 00000000 00:00 0 
7f4300021000-7f4304000000 ---p 00000000 00:00 0 
7f4304000000-7f430428b000 rw-p 00000000 00:00 0 
7f430428b000-7f4308000000 ---p 00000000 00:00 0 
7f4308000000-7f43080f0000 rw-p 00000000 00:00 0 
7f43080f0000-7f430c000000 ---p 00000000 00:00 0 
7f430c000000-7f430c021000 rw-p 00000000 00:00 0 
7f430c021000-7f4310000000 ---p 00000000 00:00 0 
7f4310000000-7f4310022000 rw-p 00000000 00:00 0 
7f4310022000-7f4314000000 ---p 00000000 00:00 0 
7f4314000000-7f4314021000 rw-p 00000000 00:00 0 
7f4314021000-7f4318000000 ---p 00000000 00:00 0 
7f4318000000-7f4318021000 rw-p 00000000 00:00 0 
7f4318021000-7f431c000000 ---p 00000000 00:00 0 
7f431c000000-7f431c021000 rw-p 00000000 00:00 0 
7f431c021000-7f4320000000 ---p 00000000 00:00 0 
7f4320000000-7f4320021000 rw-p 00000000 00:00 0 
7f4320021000-7f4324000000 ---p 00000000 00:00 0 
7f4324000000-7f432473d000 rw-p 00000000 00:00 0 
7f432473d000-7f4328000000 ---p 00000000 00:00 0 
7f4328000000-7f4328435000 rw-p 00000000 00:00 0 
7f4328435000-7f432c000000 ---p 00000000 00:00 0 
7f432c000000-7f432c021000 rw-p 00000000 00:00 0 
7f432c021000-7f4330000000 ---p 00000000 00:00 0 
7f4330000000-7f4330578000 rw-p 00000000 00:00 0 
7f4330578000-7f4334000000 ---p 00000000 00:00 0 
7f4334000000-7f4334021000 rw-p 00000000 00:00 0 
7f4334021000-7f4338000000 ---p 00000000 00:00 0 
7f4338000000-7f4338021000 rw-p 00000000 00:00 0 
7f4338021000-7f433c000000 ---p 00000000 00:00 0 
7f433c000000-7f433c021000 rw-p 00000000 00:00 0 
7f433c021000-7f4340000000 ---p 00000000 00:00 0 
7f4340000000-7f434028a000 rw-p 00000000 00:00 0 
7f434028a000-7f4344000000 ---p 00000000 00:00 0 
7f4344000000-7f4344021000 rw-p 00000000 00:00 0 
7f4344021000-7f4348000000 ---p 00000000 00:00 0 
7f434a65d000-7f434a69d000 rw-p 00000000 00:00 0 
7f434a69d000-7f434a85d000 ---p 00000000 00:00 0 
7f434a85d000-7f434a860000 ---p 00000000 00:00 0 
7f434a860000-7f434a95e000 rw-p 00000000 00:00 0                          [stack:13813]
7f434a95e000-7f434a961000 ---p 00000000 00:00 0 
7f434a961000-7f434aa5f000 rw-p 00000000 00:00 0                          [stack:13810]
7f434aa5f000-7f434aa62000 ---p 00000000 00:00 0 
7f434aa62000-7f434ab60000 rw-p 00000000 00:00 0                          [stack:13808]
7f434ab60000-7f434ab63000 ---p 00000000 00:00 0 
7f434ab63000-7f434ac61000 rw-p 00000000 00:00 0                          [stack:13807]
7f434ac61000-7f434ac64000 ---p 00000000 00:00 0 
7f434ac64000-7f434af62000 rw-p 00000000 00:00 0                          [stack:13802]
7f434af62000-7f434af65000 ---p 00000000 00:00 0 
7f434af65000-7f434b063000 rw-p 00000000 00:00 0                          [stack:13801]
7f434b063000-7f434b066000 ---p 00000000 00:00 0 
7f434b066000-7f434b164000 rw-p 00000000 00:00 0                          [stack:13797]
7f434b164000-7f434b167000 ---p 00000000 00:00 0 
7f434b167000-7f434b265000 rw-p 00000000 00:00 0                          [stack:13796]
7f434b265000-7f434b268000 ---p 00000000 00:00 0 
7f434b268000-7f434b366000 rw-p 00000000 00:00 0                          [stack:13795]
7f434b366000-7f434b369000 ---p 00000000 00:00 0 
7f434b369000-7f434b467000 rw-p 00000000 00:00 0                          [stack:13793]
7f434b467000-7f434b478000 r-xp 00000000 08:04 2304232                    /usr/local/java/jdk1.8.0_40/jre/lib/amd64/libnio.so
7f434b478000-7f434b677000 ---p 00011000 08:04 2304232                    /usr/local/java/jdk1.8.0_40/jre/lib/amd64/libnio.so
7f434b677000-7f434b678000 rw-p 00010000 08:04 2304232                    /usr/local/java/jdk1.8.0_40/jre/lib/amd64/libnio.so
7f434b678000-7f434b68e000 r-xp 00000000 08:04 2304229                    /usr/local/java/jdk1.8.0_40/jre/lib/amd64/libnet.so
7f434b68e000-7f434b88e000 ---p 00016000 08:04 2304229                    /usr/local/java/jdk1.8.0_40/jre/lib/amd64/libnet.so
7f434b88e000-7f434b88f000 rw-p 00016000 08:04 2304229                    /usr/local/java/jdk1.8.0_40/jre/lib/amd64/libnet.so
7f434b88f000-7f434b892000 ---p 00000000 00:00 0 
7f434b892000-7f434b8c8000 rw-p 00000000 00:00 0                          [stack:13792]
7f434b8c8000-7f434b8cb000 ---p 00000000 00:00 0 
7f434b8cb000-7f434b9c9000 rw-p 00000000 00:00 0                          [stack:13790]
7f434b9c9000-7f434b9cc000 ---p 00000000 00:00 0 
7f434b9cc000-7f434baca000 rw-p 00000000 00:00 0                          [stack:13789]
7f434baca000-7f434bad5000 r--s 00116000 08:04 2303989                    /usr/local/java/jdk1.8.0_40/jre/lib/ext/localedata.jar
7f434bad5000-7f434baf1000 r--s 00393000 08:04 2303983                    /usr/local/java/jdk1.8.0_40/jre/lib/ext/cldrdata.jar
7f434baf1000-7f434bafb000 r--s 00143000 08:04 3342805                    /home/ankit/Downloads/core-netty-4.4/lib/h2-1.3.169.jar
7f434bafb000-7f434bafc000 ---p 00000000 00:00 0 
7f434bafc000-7f434bbfc000 rw-p 00000000 00:00 0                          [stack:13788]
7f434bbfc000-7f434bbff000 ---p 00000000 00:00 0 
7f434bbff000-7f434bcfd000 rw-p 00000000 00:00 0                          [stack:13787]
7f434bcfd000-7f434bd00000 ---p 00000000 00:00 0 
7f434bd00000-7f434bdfe000 rw-p 00000000 00:00 0                          [stack:13786]
7f434bdfe000-7f434be01000 ---p 00000000 00:00 0 
7f434be01000-7f434beff000 rw-p 00000000 00:00 0                          [stack:13785]
7f434beff000-7f434bf02000 ---p 00000000 00:00 0 
7f434bf02000-7f434c000000 rw-p 00000000 00:00 0                          [stack:13784]
7f434c000000-7f434c021000 rw-p 00000000 00:00 0 
7f434c021000-7f4350000000 ---p 00000000 00:00 0 
7f4350001000-7f4350006000 r--s 00094000 08:04 2303979                    /usr/local/java/jdk1.8.0_40/jre/lib/jsse.jar
7f4350006000-7f435000a000 r--s 00038000 08:04 3342801                    /home/ankit/Downloads/core-netty-4.4/lib/commons-lang-2.3.jar
7f435000a000-7f435001b000 r--s 000e7000 08:04 3342807                    /home/ankit/Downloads/core-netty-4.4/lib/jackson-all-1.8.5.jar
7f435001b000-7f435002c000 r--s 000ac000 08:04 3342809                    /home/ankit/Downloads/core-netty-4.4/lib/jts-1.12.jar
7f435002c000-7f4350046000 r--s 00155000 08:04 3342813                    /home/ankit/Downloads/core-netty-4.4/lib/netty-all-4.0.15.Final.jar
7f4350046000-7f435006a000 r--s 001aa000 08:04 3342803                    /home/ankit/Downloads/core-netty-4.4/lib/guava-13.0.1.jar
7f435006a000-7f435006d000 ---p 00000000 00:00 0 
7f435006d000-7f435016b000 rw-p 00000000 00:00 0                          [stack:13783]
7f435016b000-7f435084d000 r--p 00000000 08:04 1976639                    /usr/lib/locale/locale-archive
7f435084d000-7f4350850000 ---p 00000000 00:00 0 
7f4350850000-7f435094e000 rw-p 00000000 00:00 0                          [stack:13782]
7f435094e000-7f4350951000 ---p 00000000 00:00 0 
7f4350951000-7f4350a4f000 rw-p 00000000 00:00 0                          [stack:13781]
7f4350a4f000-7f4350a50000 ---p 00000000 00:00 0 
7f4350a50000-7f4354000000 rw-p 00000000 00:00 0                          [stack:13780]
7f4354000000-7f4354021000 rw-p 00000000 00:00 0 
7f4354021000-7f4358000000 ---p 00000000 00:00 0 
7f4358003000-7f4358205000 rw-p 00000000 00:00 0 
7f4358205000-7f43583dd000 r--s 03d09000 08:04 2303928                    /usr/local/java/jdk1.8.0_40/jre/lib/rt.jar
7f43583dd000-7f4358647000 rw-p 00000000 00:00 0 
7f4358647000-7f4358648000 ---p 00000000 00:00 0 
7f4358648000-7f4358748000 rw-p 00000000 00:00 0                          [stack:13779]
7f4358748000-7f4358749000 ---p 00000000 00:00 0 
7f4358749000-7f4358849000 rw-p 00000000 00:00 0                          [stack:13778]
7f4358849000-7f435884a000 ---p 00000000 00:00 0 
7f435884a000-7f435894a000 rw-p 00000000 00:00 0                          [stack:13777]
7f435894a000-7f435894b000 ---p 00000000 00:00 0 
7f435894b000-7f4358afd000 rw-p 00000000 00:00 0                          [stack:13776]
7f4358afd000-7f4358b98000 ---p 00000000 00:00 0 
7f4358b98000-7f4358c3f000 rw-p 00000000 00:00 0 
7f4358c3f000-7f4358c56000 rw-p 00000000 00:00 0 
7f4358c56000-7f4359000000 ---p 00000000 00:00 0 
7f4359000000-7f4359580000 rwxp 00000000 00:00 0 
7f4359580000-7f4368000000 ---p 00000000 00:00 0 
7f4368000000-7f43684ae000 rw-p 00000000 00:00 0 
7f43684ae000-7f436c000000 ---p 00000000 00:00 0 
7f436c002000-7f436c010000 r--s 0007f000 08:04 3342799                    /home/ankit/Downloads/core-netty-4.4/lib/commons-collections-3.2.1.jar
7f436c010000-7f436c111000 rw-p 00000000 00:00 0 
7f436c111000-7f436c1ad000 ---p 00000000 00:00 0 
7f436c1ad000-7f436c1c7000 r-xp 00000000 08:04 2304223                    /usr/local/java/jdk1.8.0_40/jre/lib/amd64/libzip.so
7f436c1c7000-7f436c3c7000 ---p 0001a000 08:04 2304223                    /usr/local/java/jdk1.8.0_40/jre/lib/amd64/libzip.so
7f436c3c7000-7f436c3c8000 rw-p 0001a000 08:04 2304223                    /usr/local/java/jdk1.8.0_40/jre/lib/amd64/libzip.so
7f436c3c8000-7f436c3d3000 r-xp 00000000 08:04 5111913                    /lib/x86_64-linux-gnu/libnss_files-2.19.so
7f436c3d3000-7f436c5d2000 ---p 0000b000 08:04 5111913                    /lib/x86_64-linux-gnu/libnss_files-2.19.so
7f436c5d2000-7f436c5d3000 r--p 0000a000 08:04 5111913                    /lib/x86_64-linux-gnu/libnss_files-2.19.so
7f436c5d3000-7f436c5d4000 rw-p 0000b000 08:04 5111913                    /lib/x86_64-linux-gnu/libnss_files-2.19.so
7f436c5d4000-7f436c5df000 r-xp 00000000 08:04 5114449                    /lib/x86_64-linux-gnu/libnss_nis-2.19.so
7f436c5df000-7f436c7de000 ---p 0000b000 08:04 5114449                    /lib/x86_64-linux-gnu/libnss_nis-2.19.so
7f436c7de000-7f436c7df000 r--p 0000a000 08:04 5114449                    /lib/x86_64-linux-gnu/libnss_nis-2.19.so
7f436c7df000-7f436c7e0000 rw-p 0000b000 08:04 5114449                    /lib/x86_64-linux-gnu/libnss_nis-2.19.so
7f436c7e0000-7f436c7f7000 r-xp 00000000 08:04 5111899                    /lib/x86_64-linux-gnu/libnsl-2.19.so
7f436c7f7000-7f436c9f6000 ---p 00017000 08:04 5111899                    /lib/x86_64-linux-gnu/libnsl-2.19.so
7f436c9f6000-7f436c9f7000 r--p 00016000 08:04 5111899                    /lib/x86_64-linux-gnu/libnsl-2.19.so
7f436c9f7000-7f436c9f8000 rw-p 00017000 08:04 5111899                    /lib/x86_64-linux-gnu/libnsl-2.19.so
7f436c9f8000-7f436c9fa000 rw-p 00000000 00:00 0 
7f436c9fa000-7f436ca03000 r-xp 00000000 08:04 5111900                    /lib/x86_64-linux-gnu/libnss_compat-2.19.so
7f436ca03000-7f436cc02000 ---p 00009000 08:04 5111900                    /lib/x86_64-linux-gnu/libnss_compat-2.19.so
7f436cc02000-7f436cc03000 r--p 00008000 08:04 5111900                    /lib/x86_64-linux-gnu/libnss_compat-2.19.so
7f436cc03000-7f436cc04000 rw-p 00009000 08:04 5111900                    /lib/x86_64-linux-gnu/libnss_compat-2.19.so
7f436cc04000-7f436cc2e000 r-xp 00000000 08:04 2304218                    /usr/local/java/jdk1.8.0_40/jre/lib/amd64/libjava.so
7f436cc2e000-7f436ce2e000 ---p 0002a000 08:04 2304218                    /usr/local/java/jdk1.8.0_40/jre/lib/amd64/libjava.so
7f436ce2e000-7f436ce30000 rw-p 0002a000 08:04 2304218                    /usr/local/java/jdk1.8.0_40/jre/lib/amd64/libjava.so
7f436ce30000-7f436ce3d000 r-xp 00000000 08:04 2304222                    /usr/local/java/jdk1.8.0_40/jre/lib/amd64/libverify.so
7f436ce3d000-7f436d03d000 ---p 0000d000 08:04 2304222                    /usr/local/java/jdk1.8.0_40/jre/lib/amd64/libverify.so
7f436d03d000-7f436d03f000 rw-p 0000d000 08:04 2304222                    /usr/local/java/jdk1.8.0_40/jre/lib/amd64/libverify.so
7f436d03f000-7f436d046000 r-xp 00000000 08:04 5114517                    /lib/x86_64-linux-gnu/librt-2.19.so
7f436d046000-7f436d245000 ---p 00007000 08:04 5114517                    /lib/x86_64-linux-gnu/librt-2.19.so
7f436d245000-7f436d246000 r--p 00006000 08:04 5114517                    /lib/x86_64-linux-gnu/librt-2.19.so
7f436d246000-7f436d247000 rw-p 00007000 08:04 5114517                    /lib/x86_64-linux-gnu/librt-2.19.so
7f436d247000-7f436d34c000 r-xp 00000000 08:04 5111823                    /lib/x86_64-linux-gnu/libm-2.19.so
7f436d34c000-7f436d54b000 ---p 00105000 08:04 5111823                    /lib/x86_64-linux-gnu/libm-2.19.so
7f436d54b000-7f436d54c000 r--p 00104000 08:04 5111823                    /lib/x86_64-linux-gnu/libm-2.19.so
7f436d54c000-7f436d54d000 rw-p 00105000 08:04 5111823                    /lib/x86_64-linux-gnu/libm-2.19.so
7f436d54d000-7f436e1fb000 r-xp 00000000 08:04 2310152                    /usr/local/java/jdk1.8.0_40/jre/lib/amd64/server/libjvm.so
7f436e1fb000-7f436e3fa000 ---p 00cae000 08:04 2310152                    /usr/local/java/jdk1.8.0_40/jre/lib/amd64/server/libjvm.so
7f436e3fa000-7f436e4d1000 rw-p 00cad000 08:04 2310152                    /usr/local/java/jdk1.8.0_40/jre/lib/amd64/server/libjvm.so
7f436e4d1000-7f436e515000 rw-p 00000000 00:00 0 
7f436e515000-7f436e6cf000 r-xp 00000000 08:04 5112906                    /lib/x86_64-linux-gnu/libc-2.19.so
7f436e6cf000-7f436e8ce000 ---p 001ba000 08:04 5112906                    /lib/x86_64-linux-gnu/libc-2.19.so
7f436e8ce000-7f436e8d2000 r--p 001b9000 08:04 5112906                    /lib/x86_64-linux-gnu/libc-2.19.so
7f436e8d2000-7f436e8d4000 rw-p 001bd000 08:04 5112906                    /lib/x86_64-linux-gnu/libc-2.19.so
7f436e8d4000-7f436e8d9000 rw-p 00000000 00:00 0 
7f436e8d9000-7f436e8dc000 r-xp 00000000 08:04 5111902                    /lib/x86_64-linux-gnu/libdl-2.19.so
7f436e8dc000-7f436eadb000 ---p 00003000 08:04 5111902                    /lib/x86_64-linux-gnu/libdl-2.19.so
7f436eadb000-7f436eadc000 r--p 00002000 08:04 5111902                    /lib/x86_64-linux-gnu/libdl-2.19.so
7f436eadc000-7f436eadd000 rw-p 00003000 08:04 5111902                    /lib/x86_64-linux-gnu/libdl-2.19.so
7f436eadd000-7f436eaf2000 r-xp 00000000 08:04 2303713                    /usr/local/java/jdk1.8.0_40/lib/amd64/jli/libjli.so
7f436eaf2000-7f436ecf2000 ---p 00015000 08:04 2303713                    /usr/local/java/jdk1.8.0_40/lib/amd64/jli/libjli.so
7f436ecf2000-7f436ecf3000 rw-p 00015000 08:04 2303713                    /usr/local/java/jdk1.8.0_40/lib/amd64/jli/libjli.so
7f436ecf3000-7f436ed0c000 r-xp 00000000 08:04 5111903                    /lib/x86_64-linux-gnu/libpthread-2.19.so
7f436ed0c000-7f436ef0b000 ---p 00019000 08:04 5111903                    /lib/x86_64-linux-gnu/libpthread-2.19.so
7f436ef0b000-7f436ef0c000 r--p 00018000 08:04 5111903                    /lib/x86_64-linux-gnu/libpthread-2.19.so
7f436ef0c000-7f436ef0d000 rw-p 00019000 08:04 5111903                    /lib/x86_64-linux-gnu/libpthread-2.19.so
7f436ef0d000-7f436ef11000 rw-p 00000000 00:00 0 
7f436ef11000-7f436ef34000 r-xp 00000000 08:04 5111909                    /lib/x86_64-linux-gnu/ld-2.19.so
7f436ef34000-7f436ef3c000 r--s 0007b000 08:04 3342815                    /home/ankit/Downloads/core-netty-4.4/lib/protobuf-java-2.5.0.jar
7f436ef3c000-7f436f015000 rw-p 00000000 00:00 0 
7f436f015000-7f436f018000 ---p 00000000 00:00 0 
7f436f018000-7f436f11a000 rw-p 00000000 00:00 0                          [stack:13775]
7f436f11b000-7f436f11c000 rw-p 00000000 00:00 0 
7f436f11c000-7f436f11d000 r--s 00002000 08:04 3342819                    /home/ankit/Downloads/core-netty-4.4/lib/slf4j-simple-1.7.2.jar
7f436f11d000-7f436f11f000 r--s 0001b000 08:04 3342797                    /home/ankit/Downloads/core-netty-4.4/lib/bonecp-0.7.1.RELEASE.jar
7f436f11f000-7f436f121000 r--s 00005000 08:04 3342817                    /home/ankit/Downloads/core-netty-4.4/lib/slf4j-api-1.7.2.jar
7f436f121000-7f436f127000 r--s 00034000 08:04 3342811                    /home/ankit/Downloads/core-netty-4.4/lib/junit-4.8.2.jar
7f436f127000-7f436f12f000 rw-s 00000000 08:04 1310773                    /tmp/hsperfdata_ankit/13774
7f436f12f000-7f436f130000 rw-p 00000000 00:00 0 
7f436f130000-7f436f131000 ---p 00000000 00:00 0 
7f436f131000-7f436f133000 rw-p 00000000 00:00 0 
7f436f133000-7f436f134000 r--p 00022000 08:04 5111909                    /lib/x86_64-linux-gnu/ld-2.19.so
7f436f134000-7f436f135000 rw-p 00023000 08:04 5111909                    /lib/x86_64-linux-gnu/ld-2.19.so
7f436f135000-7f436f136000 rw-p 00000000 00:00 0 
7fffefd8c000-7fffefdad000 rw-p 00000000 00:00 0                          [stack]
7fffefdd2000-7fffefdd4000 r-xp 00000000 00:00 0                          [vdso]
7fffefdd4000-7fffefdd6000 r--p 00000000 00:00 0                          [vvar]
ffffffffff600000-ffffffffff601000 r-xp 00000000 00:00 0                  [vsyscall]

VM Arguments:
jvm_args: -Xms500m -Xmx1000m 
java_command: poke.server.Server server2.conf
java_class_path (initial): .:/home/ankit/Downloads/core-netty-4.4/lib/guava-13.0.1.jar:/home/ankit/Downloads/core-netty-4.4/lib/._jackson-all-1.8.5.jar:/home/ankit/Downloads/core-netty-4.4/lib/._bonecp-0.7.1.RELEASE.jar:/home/ankit/Downloads/core-netty-4.4/lib/commons-collections-3.2.1.jar:/home/ankit/Downloads/core-netty-4.4/lib/junit-4.8.2.jar:/home/ankit/Downloads/core-netty-4.4/lib/slf4j-api-1.7.2.jar:/home/ankit/Downloads/core-netty-4.4/lib/netty-all-4.0.15.Final.jar:/home/ankit/Downloads/core-netty-4.4/lib/._slf4j-api-1.7.2.jar:/home/ankit/Downloads/core-netty-4.4/lib/bonecp-0.7.1.RELEASE.jar:/home/ankit/Downloads/core-netty-4.4/lib/._guava-13.0.1.jar:/home/ankit/Downloads/core-netty-4.4/lib/slf4j-simple-1.7.2.jar:/home/ankit/Downloads/core-netty-4.4/lib/._protobuf-java-2.5.0.jar:/home/ankit/Downloads/core-netty-4.4/lib/._h2-1.3.169.jar:/home/ankit/Downloads/core-netty-4.4/lib/._netty-all-4.0.15.Final.jar:/home/ankit/Downloads/core-netty-4.4/lib/._commons-collections-3.2.1.jar:/home/ankit/Downloads/core-netty-4.4/lib/protobuf-java-2.5.0.jar:/home/ankit/Downloads/core-netty-4.4/lib/jts-1.12.jar:/home/ankit/Downloads/core-netty-4.4/lib/._commons-lang-2.3.jar:/home/ankit/Downloads/core-netty-4.4/lib/._jts-1.12.jar:/home/ankit/Downloads/core-netty-4.4/lib/._slf4j-simple-1.7.2.jar:/home/ankit/Downloads/core-netty-4.4/lib/jackson-all-1.8.5.jar:/home/ankit/Downloads/core-netty-4.4/lib/._junit-4.8.2.jar:/home/ankit/Downloads/core-netty-4.4/lib/commons-lang-2.3.jar:/home/ankit/Downloads/core-netty-4.4/lib/h2-1.3.169.jar:/home/ankit/Downloads/core-netty-4.4/classes
Launcher Type: SUN_STANDARD

Environment Variables:
JAVA_HOME=/usr/local/java/jdk1.8.0_40
PATH=/usr/local/sbin:/usr/local/bin:/usr/sbin:/usr/bin:/sbin:/bin:/usr/games:/usr/local/games:/home/ankit/bin:/usr/local/java/jdk1.8.0_40/bin
SHELL=/bin/bash
DISPLAY=:0

Signal Handlers:
SIGSEGV: [libjvm.so+0xaad2e0], sa_mask[0]=11111111011111111101111111111110, sa_flags=SA_RESTART|SA_SIGINFO
SIGBUS: [libjvm.so+0xaad2e0], sa_mask[0]=11111111011111111101111111111110, sa_flags=SA_RESTART|SA_SIGINFO
SIGFPE: [libjvm.so+0x90b550], sa_mask[0]=11111111011111111101111111111110, sa_flags=SA_RESTART|SA_SIGINFO
SIGPIPE: [libjvm.so+0x90b550], sa_mask[0]=11111111011111111101111111111110, sa_flags=SA_RESTART|SA_SIGINFO
SIGXFSZ: [libjvm.so+0x90b550], sa_mask[0]=11111111011111111101111111111110, sa_flags=SA_RESTART|SA_SIGINFO
SIGILL: [libjvm.so+0x90b550], sa_mask[0]=11111111011111111101111111111110, sa_flags=SA_RESTART|SA_SIGINFO
SIGUSR1: SIG_DFL, sa_mask[0]=00000000000000000000000000000000, sa_flags=none
SIGUSR2: [libjvm.so+0x90cb90], sa_mask[0]=00000000000000000000000000000000, sa_flags=SA_RESTART|SA_SIGINFO
SIGHUP: [libjvm.so+0x90dee0], sa_mask[0]=11111111011111111101111111111110, sa_flags=SA_RESTART|SA_SIGINFO
SIGINT: [libjvm.so+0x90dee0], sa_mask[0]=11111111011111111101111111111110, sa_flags=SA_RESTART|SA_SIGINFO
SIGTERM: [libjvm.so+0x90dee0], sa_mask[0]=11111111011111111101111111111110, sa_flags=SA_RESTART|SA_SIGINFO
SIGQUIT: [libjvm.so+0x90dee0], sa_mask[0]=11111111011111111101111111111110, sa_flags=SA_RESTART|SA_SIGINFO


---------------  S Y S T E M  ---------------

OS:DISTRIB_ID=Ubuntu
DISTRIB_RELEASE=14.10
DISTRIB_CODENAME=utopic
DISTRIB_DESCRIPTION="Ubuntu 14.10"

uname:Linux 3.16.0-33-generic #44-Ubuntu SMP Thu Mar 12 12:19:35 UTC 2015 x86_64
libc:glibc 2.19 NPTL 2.19 
rlimit: STACK 8192k, CORE 0k, NPROC 14928, NOFILE 4096, AS infinity
load average:3.65 1.23 1.36

/proc/meminfo:
MemTotal:        3843888 kB
MemFree:          130452 kB
MemAvailable:     117588 kB
Buffers:           10320 kB
Cached:           379932 kB
SwapCached:            0 kB
Active:          3246932 kB
Inactive:         318488 kB
Active(anon):    3182824 kB
Inactive(anon):   263768 kB
Active(file):      64108 kB
Inactive(file):    54720 kB
Unevictable:          32 kB
Mlocked:              32 kB
SwapTotal:             0 kB
SwapFree:              0 kB
Dirty:                40 kB
Writeback:             0 kB
AnonPages:       3175408 kB
Mapped:           140068 kB
Shmem:            271224 kB
Slab:              54328 kB
SReclaimable:      24364 kB
SUnreclaim:        29964 kB
KernelStack:        8336 kB
PageTables:        32704 kB
NFS_Unstable:          0 kB
Bounce:                0 kB
WritebackTmp:          0 kB
CommitLimit:     1921944 kB
Committed_AS:    6292532 kB
VmallocTotal:   34359738367 kB
VmallocUsed:      544440 kB
VmallocChunk:   34359176496 kB
HardwareCorrupted:     0 kB
AnonHugePages:   2201600 kB
HugePages_Total:       0
HugePages_Free:        0
HugePages_Rsvd:        0
HugePages_Surp:        0
Hugepagesize:       2048 kB
DirectMap4k:       58444 kB
DirectMap2M:     3930112 kB


CPU:total 4 (2 cores per cpu, 2 threads per core) family 6 model 37 stepping 5, cmov, cx8, fxsr, mmx, sse, sse2, sse3, ssse3, sse4.1, sse4.2, popcnt, ht, tsc, tscinvbit

/proc/cpuinfo:
processor	: 0
vendor_id	: GenuineIntel
cpu family	: 6
model		: 37
model name	: Intel(R) Core(TM) i3 CPU       M 380  @ 2.53GHz
stepping	: 5
microcode	: 0x2
cpu MHz		: 2527.000
cache size	: 3072 KB
physical id	: 0
siblings	: 4
core id		: 0
cpu cores	: 2
apicid		: 0
initial apicid	: 0
fpu		: yes
fpu_exception	: yes
cpuid level	: 11
wp		: yes
flags		: fpu vme de pse tsc msr pae mce cx8 apic sep mtrr pge mca cmov pat pse36 clflush dts acpi mmx fxsr sse sse2 ss ht tm pbe syscall nx rdtscp lm constant_tsc arch_perfmon pebs bts rep_good nopl xtopology nonstop_tsc aperfmperf pni dtes64 monitor ds_cpl vmx est tm2 ssse3 cx16 xtpr pdcm pcid sse4_1 sse4_2 popcnt lahf_lm arat dtherm tpr_shadow vnmi flexpriority ept vpid
bogomips	: 5054.10
clflush size	: 64
cache_alignment	: 64
address sizes	: 36 bits physical, 48 bits virtual
power management:

processor	: 1
vendor_id	: GenuineIntel
cpu family	: 6
model		: 37
model name	: Intel(R) Core(TM) i3 CPU       M 380  @ 2.53GHz
stepping	: 5
microcode	: 0x2
cpu MHz		: 2527.000
cache size	: 3072 KB
physical id	: 0
siblings	: 4
core id		: 2
cpu cores	: 2
apicid		: 4
initial apicid	: 4
fpu		: yes
fpu_exception	: yes
cpuid level	: 11
wp		: yes
flags		: fpu vme de pse tsc msr pae mce cx8 apic sep mtrr pge mca cmov pat pse36 clflush dts acpi mmx fxsr sse sse2 ss ht tm pbe syscall nx rdtscp lm constant_tsc arch_perfmon pebs bts rep_good nopl xtopology nonstop_tsc aperfmperf pni dtes64 monitor ds_cpl vmx est tm2 ssse3 cx16 xtpr pdcm pcid sse4_1 sse4_2 popcnt lahf_lm arat dtherm tpr_shadow vnmi flexpriority ept vpid
bogomips	: 5054.10
clflush size	: 64
cache_alignment	: 64
address sizes	: 36 bits physical, 48 bits virtual
power management:

processor	: 2
vendor_id	: GenuineIntel
cpu family	: 6
model		: 37
model name	: Intel(R) Core(TM) i3 CPU       M 380  @ 2.53GHz
stepping	: 5
microcode	: 0x2
cpu MHz		: 2527.000
cache size	: 3072 KB
physical id	: 0
siblings	: 4
core id		: 0
cpu cores	: 2
apicid		: 1
initial apicid	: 1
fpu		: yes
fpu_exception	: yes
cpuid level	: 11
wp		: yes
flags		: fpu vme de pse tsc msr pae mce cx8 apic sep mtrr pge mca cmov pat pse36 clflush dts acpi mmx fxsr sse sse2 ss ht tm pbe syscall nx rdtscp lm constant_tsc arch_perfmon pebs bts rep_good nopl xtopology nonstop_tsc aperfmperf pni dtes64 monitor ds_cpl vmx est tm2 ssse3 cx16 xtpr pdcm pcid sse4_1 sse4_2 popcnt lahf_lm arat dtherm tpr_shadow vnmi flexpriority ept vpid
bogomips	: 5054.10
clflush size	: 64
cache_alignment	: 64
address sizes	: 36 bits physical, 48 bits virtual
power management:

processor	: 3
vendor_id	: GenuineIntel
cpu family	: 6
model		: 37
model name	: Intel(R) Core(TM) i3 CPU       M 380  @ 2.53GHz
stepping	: 5
microcode	: 0x2
cpu MHz		: 2527.000
cache size	: 3072 KB
physical id	: 0
siblings	: 4
core id		: 2
cpu cores	: 2
apicid		: 5
initial apicid	: 5
fpu		: yes
fpu_exception	: yes
cpuid level	: 11
wp		: yes
flags		: fpu vme de pse tsc msr pae mce cx8 apic sep mtrr pge mca cmov pat pse36 clflush dts acpi mmx fxsr sse sse2 ss ht tm pbe syscall nx rdtscp lm constant_tsc arch_perfmon pebs bts rep_good nopl xtopology nonstop_tsc aperfmperf pni dtes64 monitor ds_cpl vmx est tm2 ssse3 cx16 xtpr pdcm pcid sse4_1 sse4_2 popcnt lahf_lm arat dtherm tpr_shadow vnmi flexpriority ept vpid
bogomips	: 5054.10
clflush size	: 64
cache_alignment	: 64
address sizes	: 36 bits physical, 48 bits virtual
power management:



Memory: 4k page, physical 3843888k(130452k free), swap 0k(0k free)

vm_info: Java HotSpot(TM) 64-Bit Server VM (25.40-b25) for linux-amd64 JRE (1.8.0_40-b25), built on Feb 10 2015 21:29:53 by "java_re" with gcc 4.3.0 20080428 (Red Hat 4.3.0-8)

time: Wed Apr  1 15:23:23 2015
elapsed time: 28 seconds (0d 0h 0m 28s)

