#
# There is insufficient memory for the Java Runtime Environment to continue.
# Native memory allocation (mmap) failed to map 349700096 bytes for committing reserved memory.
# Possible reasons:
#   The system is out of physical RAM or swap space
#   In 32 bit mode, the process size limit was hit
# Possible solutions:
#   Reduce memory load on the system
#   Increase physical memory or swap space
#   Check if swap backing store is full
#   Use 64 bit Java on a 64 bit OS
#   Decrease Java heap size (-Xmx/-Xms)
#   Decrease number of Java threads
#   Decrease Java thread stack sizes (-Xss)
#   Set larger code cache with -XX:ReservedCodeCacheSize=
# This output file may be truncated or incomplete.
#
#  Out of Memory Error (os_linux.cpp:2673), pid=6797, tid=139939550832384
#
# JRE version:  (8.0_40-b25) (build )
# Java VM: Java HotSpot(TM) 64-Bit Server VM (25.40-b25 mixed mode linux-amd64 compressed oops)
# Failed to write core dump. Core dumps have been disabled. To enable core dumping, try "ulimit -c unlimited" before starting Java again
#

---------------  T H R E A D  ---------------

Current thread (0x00007f463000b800):  JavaThread "Unknown thread" [_thread_in_vm, id=6798, stack(0x00007f463727a000,0x00007f463737b000)]

Stack: [0x00007f463727a000,0x00007f463737b000],  sp=0x00007f4637379370,  free space=1020k
Native frames: (J=compiled Java code, j=interpreted, Vv=VM code, C=native code)
V  [libjvm.so+0xaaca9a]  VMError::report_and_die()+0x2ba
V  [libjvm.so+0x4f333b]  report_vm_out_of_memory(char const*, int, unsigned long, VMErrorType, char const*)+0x8b
V  [libjvm.so+0x90e8c3]  os::Linux::commit_memory_impl(char*, unsigned long, bool)+0x103
V  [libjvm.so+0x90ee19]  os::pd_commit_memory(char*, unsigned long, unsigned long, bool)+0x29
V  [libjvm.so+0x90877a]  os::commit_memory(char*, unsigned long, unsigned long, bool)+0x2a
V  [libjvm.so+0x97bbc3]  PSVirtualSpace::expand_by(unsigned long)+0x53
V  [libjvm.so+0x96bc77]  PSOldGen::initialize(ReservedSpace, unsigned long, char const*, int)+0xb7
V  [libjvm.so+0x2d4cda]  AdjoiningGenerations::AdjoiningGenerations(ReservedSpace, GenerationSizer*, unsigned long)+0x39a
V  [libjvm.so+0x931816]  ParallelScavengeHeap::initialize()+0x1d6
V  [libjvm.so+0xa75bab]  Universe::initialize_heap()+0xfb
V  [libjvm.so+0xa75f1e]  universe_init()+0x3e
V  [libjvm.so+0x62f665]  init_globals()+0x65
V  [libjvm.so+0xa5a12e]  Threads::create_vm(JavaVMInitArgs*, bool*)+0x23e
V  [libjvm.so+0x6c3274]  JNI_CreateJavaVM+0x74
C  [libjli.so+0x745e]  JavaMain+0x9e
C  [libpthread.so.0+0x80a5]  start_thread+0xc5


---------------  P R O C E S S  ---------------

Java Threads: ( => current thread )

Other Threads:

=>0x00007f463000b800 (exited) JavaThread "Unknown thread" [_thread_in_vm, id=6798, stack(0x00007f463727a000,0x00007f463737b000)]

VM state:not at safepoint (not fully initialized)

VM Mutex/Monitor currently owned by a thread: None

GC Heap History (0 events):
No events

Deoptimization events (0 events):
No events

Internal exceptions (0 events):
No events

Events (0 events):
No events


Dynamic libraries:
00400000-00401000 r-xp 00000000 08:04 2302058                            /usr/local/java/jdk1.8.0_40/bin/java
00600000-00601000 rw-p 00000000 08:04 2302058                            /usr/local/java/jdk1.8.0_40/bin/java
01005000-01026000 rw-p 00000000 00:00 0                                  [heap]
d6580000-eb300000 ---p 00000000 00:00 0 
eb300000-f5980000 rw-p 00000000 00:00 0 
f5980000-100000000 ---p 00000000 00:00 0 
7f4620b87000-7f4620e0b000 rw-p 00000000 00:00 0 
7f4620e0b000-7f4620f58000 ---p 00000000 00:00 0 
7f4620f58000-7f4620fac000 rw-p 00000000 00:00 0 
7f4620fac000-7f4620fff000 ---p 00000000 00:00 0 
7f4620fff000-7f4621000000 rw-p 00000000 00:00 0 
7f4621000000-7f4621270000 rwxp 00000000 00:00 0 
7f4621270000-7f4630000000 ---p 00000000 00:00 0 
7f4630000000-7f4630033000 rw-p 00000000 00:00 0 
7f4630033000-7f4634000000 ---p 00000000 00:00 0 
7f4634053000-7f463405d000 rw-p 00000000 00:00 0 
7f463405d000-7f4634413000 ---p 00000000 00:00 0 
7f4634413000-7f463442d000 r-xp 00000000 08:04 2304223                    /usr/local/java/jdk1.8.0_40/jre/lib/amd64/libzip.so
7f463442d000-7f463462d000 ---p 0001a000 08:04 2304223                    /usr/local/java/jdk1.8.0_40/jre/lib/amd64/libzip.so
7f463462d000-7f463462e000 rw-p 0001a000 08:04 2304223                    /usr/local/java/jdk1.8.0_40/jre/lib/amd64/libzip.so
7f463462e000-7f4634639000 r-xp 00000000 08:04 5111913                    /lib/x86_64-linux-gnu/libnss_files-2.19.so
7f4634639000-7f4634838000 ---p 0000b000 08:04 5111913                    /lib/x86_64-linux-gnu/libnss_files-2.19.so
7f4634838000-7f4634839000 r--p 0000a000 08:04 5111913                    /lib/x86_64-linux-gnu/libnss_files-2.19.so
7f4634839000-7f463483a000 rw-p 0000b000 08:04 5111913                    /lib/x86_64-linux-gnu/libnss_files-2.19.so
7f463483a000-7f4634845000 r-xp 00000000 08:04 5114449                    /lib/x86_64-linux-gnu/libnss_nis-2.19.so
7f4634845000-7f4634a44000 ---p 0000b000 08:04 5114449                    /lib/x86_64-linux-gnu/libnss_nis-2.19.so
7f4634a44000-7f4634a45000 r--p 0000a000 08:04 5114449                    /lib/x86_64-linux-gnu/libnss_nis-2.19.so
7f4634a45000-7f4634a46000 rw-p 0000b000 08:04 5114449                    /lib/x86_64-linux-gnu/libnss_nis-2.19.so
7f4634a46000-7f4634a5d000 r-xp 00000000 08:04 5111899                    /lib/x86_64-linux-gnu/libnsl-2.19.so
7f4634a5d000-7f4634c5c000 ---p 00017000 08:04 5111899                    /lib/x86_64-linux-gnu/libnsl-2.19.so
7f4634c5c000-7f4634c5d000 r--p 00016000 08:04 5111899                    /lib/x86_64-linux-gnu/libnsl-2.19.so
7f4634c5d000-7f4634c5e000 rw-p 00017000 08:04 5111899                    /lib/x86_64-linux-gnu/libnsl-2.19.so
7f4634c5e000-7f4634c60000 rw-p 00000000 00:00 0 
7f4634c60000-7f4634c69000 r-xp 00000000 08:04 5111900                    /lib/x86_64-linux-gnu/libnss_compat-2.19.so
7f4634c69000-7f4634e68000 ---p 00009000 08:04 5111900                    /lib/x86_64-linux-gnu/libnss_compat-2.19.so
7f4634e68000-7f4634e69000 r--p 00008000 08:04 5111900                    /lib/x86_64-linux-gnu/libnss_compat-2.19.so
7f4634e69000-7f4634e6a000 rw-p 00009000 08:04 5111900                    /lib/x86_64-linux-gnu/libnss_compat-2.19.so
7f4634e6a000-7f4634e94000 r-xp 00000000 08:04 2304218                    /usr/local/java/jdk1.8.0_40/jre/lib/amd64/libjava.so
7f4634e94000-7f4635094000 ---p 0002a000 08:04 2304218                    /usr/local/java/jdk1.8.0_40/jre/lib/amd64/libjava.so
7f4635094000-7f4635096000 rw-p 0002a000 08:04 2304218                    /usr/local/java/jdk1.8.0_40/jre/lib/amd64/libjava.so
7f4635096000-7f46350a3000 r-xp 00000000 08:04 2304222                    /usr/local/java/jdk1.8.0_40/jre/lib/amd64/libverify.so
7f46350a3000-7f46352a3000 ---p 0000d000 08:04 2304222                    /usr/local/java/jdk1.8.0_40/jre/lib/amd64/libverify.so
7f46352a3000-7f46352a5000 rw-p 0000d000 08:04 2304222                    /usr/local/java/jdk1.8.0_40/jre/lib/amd64/libverify.so
7f46352a5000-7f46352ac000 r-xp 00000000 08:04 5114517                    /lib/x86_64-linux-gnu/librt-2.19.so
7f46352ac000-7f46354ab000 ---p 00007000 08:04 5114517                    /lib/x86_64-linux-gnu/librt-2.19.so
7f46354ab000-7f46354ac000 r--p 00006000 08:04 5114517                    /lib/x86_64-linux-gnu/librt-2.19.so
7f46354ac000-7f46354ad000 rw-p 00007000 08:04 5114517                    /lib/x86_64-linux-gnu/librt-2.19.so
7f46354ad000-7f46355b2000 r-xp 00000000 08:04 5111823                    /lib/x86_64-linux-gnu/libm-2.19.so
7f46355b2000-7f46357b1000 ---p 00105000 08:04 5111823                    /lib/x86_64-linux-gnu/libm-2.19.so
7f46357b1000-7f46357b2000 r--p 00104000 08:04 5111823                    /lib/x86_64-linux-gnu/libm-2.19.so
7f46357b2000-7f46357b3000 rw-p 00105000 08:04 5111823                    /lib/x86_64-linux-gnu/libm-2.19.so
7f46357b3000-7f4636461000 r-xp 00000000 08:04 2310152                    /usr/local/java/jdk1.8.0_40/jre/lib/amd64/server/libjvm.so
7f4636461000-7f4636660000 ---p 00cae000 08:04 2310152                    /usr/local/java/jdk1.8.0_40/jre/lib/amd64/server/libjvm.so
7f4636660000-7f4636737000 rw-p 00cad000 08:04 2310152                    /usr/local/java/jdk1.8.0_40/jre/lib/amd64/server/libjvm.so
7f4636737000-7f463677b000 rw-p 00000000 00:00 0 
7f463677b000-7f4636935000 r-xp 00000000 08:04 5112906                    /lib/x86_64-linux-gnu/libc-2.19.so
7f4636935000-7f4636b34000 ---p 001ba000 08:04 5112906                    /lib/x86_64-linux-gnu/libc-2.19.so
7f4636b34000-7f4636b38000 r--p 001b9000 08:04 5112906                    /lib/x86_64-linux-gnu/libc-2.19.so
7f4636b38000-7f4636b3a000 rw-p 001bd000 08:04 5112906                    /lib/x86_64-linux-gnu/libc-2.19.so
7f4636b3a000-7f4636b3f000 rw-p 00000000 00:00 0 
7f4636b3f000-7f4636b42000 r-xp 00000000 08:04 5111902                    /lib/x86_64-linux-gnu/libdl-2.19.so
7f4636b42000-7f4636d41000 ---p 00003000 08:04 5111902                    /lib/x86_64-linux-gnu/libdl-2.19.so
7f4636d41000-7f4636d42000 r--p 00002000 08:04 5111902                    /lib/x86_64-linux-gnu/libdl-2.19.so
7f4636d42000-7f4636d43000 rw-p 00003000 08:04 5111902                    /lib/x86_64-linux-gnu/libdl-2.19.so
7f4636d43000-7f4636d58000 r-xp 00000000 08:04 2303713                    /usr/local/java/jdk1.8.0_40/lib/amd64/jli/libjli.so
7f4636d58000-7f4636f58000 ---p 00015000 08:04 2303713                    /usr/local/java/jdk1.8.0_40/lib/amd64/jli/libjli.so
7f4636f58000-7f4636f59000 rw-p 00015000 08:04 2303713                    /usr/local/java/jdk1.8.0_40/lib/amd64/jli/libjli.so
7f4636f59000-7f4636f72000 r-xp 00000000 08:04 5111903                    /lib/x86_64-linux-gnu/libpthread-2.19.so
7f4636f72000-7f4637171000 ---p 00019000 08:04 5111903                    /lib/x86_64-linux-gnu/libpthread-2.19.so
7f4637171000-7f4637172000 r--p 00018000 08:04 5111903                    /lib/x86_64-linux-gnu/libpthread-2.19.so
7f4637172000-7f4637173000 rw-p 00019000 08:04 5111903                    /lib/x86_64-linux-gnu/libpthread-2.19.so
7f4637173000-7f4637177000 rw-p 00000000 00:00 0 
7f4637177000-7f463719a000 r-xp 00000000 08:04 5111909                    /lib/x86_64-linux-gnu/ld-2.19.so
7f463727a000-7f463727d000 ---p 00000000 00:00 0 
7f463727d000-7f463737f000 rw-p 00000000 00:00 0                          [stack:6798]
7f463738a000-7f463738d000 rw-p 00000000 00:00 0 
7f463738d000-7f4637395000 rw-s 00000000 08:04 1310885                    /tmp/hsperfdata_ankit/6797
7f4637395000-7f4637396000 rw-p 00000000 00:00 0 
7f4637396000-7f4637397000 r--p 00000000 00:00 0 
7f4637397000-7f4637399000 rw-p 00000000 00:00 0 
7f4637399000-7f463739a000 r--p 00022000 08:04 5111909                    /lib/x86_64-linux-gnu/ld-2.19.so
7f463739a000-7f463739b000 rw-p 00023000 08:04 5111909                    /lib/x86_64-linux-gnu/ld-2.19.so
7f463739b000-7f463739c000 rw-p 00000000 00:00 0 
7ffe667a2000-7ffe667c4000 rw-p 00000000 00:00 0                          [stack]
7ffe667cd000-7ffe667cf000 r-xp 00000000 00:00 0                          [vdso]
7ffe667cf000-7ffe667d1000 r--p 00000000 00:00 0                          [vvar]
ffffffffff600000-ffffffffff601000 r-xp 00000000 00:00 0                  [vsyscall]

VM Arguments:
jvm_args: -Xms500m -Xmx1000m 
java_command: poke.server.Server server0.conf
java_class_path (initial): .:/home/ankit/Downloads/CMPE275/TeamProject/Distributed-file-system-server-with-RAFT/core-netty-4.4-version-2/lib/guava-13.0.1.jar:/home/ankit/Downloads/CMPE275/TeamProject/Distributed-file-system-server-with-RAFT/core-netty-4.4-version-2/lib/._jackson-all-1.8.5.jar:/home/ankit/Downloads/CMPE275/TeamProject/Distributed-file-system-server-with-RAFT/core-netty-4.4-version-2/lib/._bonecp-0.7.1.RELEASE.jar:/home/ankit/Downloads/CMPE275/TeamProject/Distributed-file-system-server-with-RAFT/core-netty-4.4-version-2/lib/commons-collections-3.2.1.jar:/home/ankit/Downloads/CMPE275/TeamProject/Distributed-file-system-server-with-RAFT/core-netty-4.4-version-2/lib/mysql-connector.jar:/home/ankit/Downloads/CMPE275/TeamProject/Distributed-file-system-server-with-RAFT/core-netty-4.4-version-2/lib/junit-4.8.2.jar:/home/ankit/Downloads/CMPE275/TeamProject/Distributed-file-system-server-with-RAFT/core-netty-4.4-version-2/lib/simpleftp.jar:/home/ankit/Downloads/CMPE275/TeamProject/Distributed-file-system-server-with-RAFT/core-netty-4.4-version-2/lib/slf4j-api-1.7.2.jar:/home/ankit/Downloads/CMPE275/TeamProject/Distributed-file-system-server-with-RAFT/core-netty-4.4-version-2/lib/netty-all-4.0.15.Final.jar:/home/ankit/Downloads/CMPE275/TeamProject/Distributed-file-system-server-with-RAFT/core-netty-4.4-version-2/lib/._slf4j-api-1.7.2.jar:/home/ankit/Downloads/CMPE275/TeamProject/Distributed-file-system-server-with-RAFT/core-netty-4.4-version-2/lib/bonecp-0.7.1.RELEASE.jar:/home/ankit/Downloads/CMPE275/TeamProject/Distributed-file-system-server-with-RAFT/core-netty-4.4-version-2/lib/apache-commons-net.jar:/home/ankit/Downloads/CMPE275/TeamProject/Distributed-file-system-server-with-RAFT/core-netty-4.4-version-2/lib/._guava-13.0.1.jar:/home/ankit/Downloads/CMPE275/TeamProject/Distributed-file-system-server-with-RAFT/core-netty-4.4-version-2/lib/slf4j-simple-1.7.2.jar:/home/ankit/Downloads/CMPE275/TeamProject/Distributed-file-system-server-with-RAFT/core-netty-
Launcher Type: SUN_STANDARD

Environment Variables:
JAVA_HOME=/usr/local/java/jdk1.8.0_40
PATH=/home/ankit/.gvm/vertx/current/bin:/home/ankit/.gvm/springboot/current/bin:/home/ankit/.gvm/lazybones/current/bin:/home/ankit/.gvm/jbake/current/bin:/home/ankit/.gvm/groovyserv/current/bin:/home/ankit/.gvm/groovy/current/bin:/home/ankit/.gvm/griffon/current/bin:/home/ankit/.gvm/grails/current/bin:/home/ankit/.gvm/gradle/current/bin:/home/ankit/.gvm/glide/current/bin:/home/ankit/.gvm/gaiden/current/bin:/home/ankit/.gvm/crash/current/bin:/home/ankit/.gvm/asciidoctorj/current/bin:/usr/local/sbin:/usr/local/bin:/usr/sbin:/usr/bin:/sbin:/bin:/usr/games:/usr/local/games:/home/ankit/bin:/usr/local/java/jdk1.8.0_40/bin
SHELL=/bin/bash
DISPLAY=:0

Signal Handlers:
SIGSEGV: [libjvm.so+0xaad2e0], sa_mask[0]=11111111011111111101111111111110, sa_flags=SA_RESTART|SA_SIGINFO
SIGBUS: [libjvm.so+0xaad2e0], sa_mask[0]=11111111011111111101111111111110, sa_flags=SA_RESTART|SA_SIGINFO
SIGFPE: [libjvm.so+0x90b550], sa_mask[0]=11111111011111111101111111111110, sa_flags=SA_RESTART|SA_SIGINFO
SIGPIPE: [libjvm.so+0x90b550], sa_mask[0]=11111111011111111101111111111110, sa_flags=SA_RESTART|SA_SIGINFO
SIGXFSZ: [libjvm.so+0x90b550], sa_mask[0]=11111111011111111101111111111110, sa_flags=SA_RESTART|SA_SIGINFO
SIGILL: [libjvm.so+0x90b550], sa_mask[0]=11111111011111111101111111111110, sa_flags=SA_RESTART|SA_SIGINFO
SIGUSR1: SIG_DFL, sa_mask[0]=00000000000000000000000000000000, sa_flags=none
SIGUSR2: [libjvm.so+0x90cb90], sa_mask[0]=00000000000000000000000000000000, sa_flags=SA_RESTART|SA_SIGINFO
SIGHUP: SIG_DFL, sa_mask[0]=00000000000000000000000000000000, sa_flags=none
SIGINT: SIG_DFL, sa_mask[0]=00000000000000000000000000000000, sa_flags=none
SIGTERM: SIG_DFL, sa_mask[0]=00000000000000000000000000000000, sa_flags=none
SIGQUIT: SIG_DFL, sa_mask[0]=00000000000000000000000000000000, sa_flags=none


---------------  S Y S T E M  ---------------

OS:DISTRIB_ID=Ubuntu
DISTRIB_RELEASE=14.10
DISTRIB_CODENAME=utopic
DISTRIB_DESCRIPTION="Ubuntu 14.10"

uname:Linux 3.16.0-34-generic #45-Ubuntu SMP Mon Mar 23 17:21:27 UTC 2015 x86_64
libc:glibc 2.19 NPTL 2.19 
rlimit: STACK 8192k, CORE 0k, NPROC 14928, NOFILE 4096, AS infinity
load average:0.31 0.32 0.30

/proc/meminfo:
MemTotal:        3843884 kB
MemFree:          281768 kB
MemAvailable:     284752 kB
Buffers:           13272 kB
Cached:           461668 kB
SwapCached:            0 kB
Active:          3033080 kB
Inactive:         367776 kB
Active(anon):    2936580 kB
Inactive(anon):   322284 kB
Active(file):      96500 kB
Inactive(file):    45492 kB
Unevictable:          32 kB
Mlocked:              32 kB
SwapTotal:             0 kB
SwapFree:              0 kB
Dirty:               492 kB
Writeback:             0 kB
AnonPages:       2925984 kB
Mapped:           145372 kB
Shmem:            332948 kB
Slab:              65752 kB
SReclaimable:      32904 kB
SUnreclaim:        32848 kB
KernelStack:        8880 kB
PageTables:        33956 kB
NFS_Unstable:          0 kB
Bounce:                0 kB
WritebackTmp:          0 kB
CommitLimit:     1921940 kB
Committed_AS:    6491152 kB
VmallocTotal:   34359738367 kB
VmallocUsed:      544408 kB
VmallocChunk:   34359178716 kB
HardwareCorrupted:     0 kB
AnonHugePages:   1624064 kB
HugePages_Total:       0
HugePages_Free:        0
HugePages_Rsvd:        0
HugePages_Surp:        0
Hugepagesize:       2048 kB
DirectMap4k:       80972 kB
DirectMap2M:     3907584 kB


CPU:total 4 (2 cores per cpu, 2 threads per core) family 6 model 37 stepping 5, cmov, cx8, fxsr, mmx, sse, sse2, sse3, ssse3, sse4.1, sse4.2, popcnt, ht, tsc, tscinvbit

/proc/cpuinfo:
processor	: 0
vendor_id	: GenuineIntel
cpu family	: 6
model		: 37
model name	: Intel(R) Core(TM) i3 CPU       M 380  @ 2.53GHz
stepping	: 5
microcode	: 0x2
cpu MHz		: 931.000
cache size	: 3072 KB
physical id	: 0
siblings	: 4
core id		: 0
cpu cores	: 2
apicid		: 0
initial apicid	: 0
fpu		: yes
fpu_exception	: yes
cpuid level	: 11
wp		: yes
flags		: fpu vme de pse tsc msr pae mce cx8 apic sep mtrr pge mca cmov pat pse36 clflush dts acpi mmx fxsr sse sse2 ss ht tm pbe syscall nx rdtscp lm constant_tsc arch_perfmon pebs bts rep_good nopl xtopology nonstop_tsc aperfmperf pni dtes64 monitor ds_cpl vmx est tm2 ssse3 cx16 xtpr pdcm pcid sse4_1 sse4_2 popcnt lahf_lm arat dtherm tpr_shadow vnmi flexpriority ept vpid
bogomips	: 5053.75
clflush size	: 64
cache_alignment	: 64
address sizes	: 36 bits physical, 48 bits virtual
power management:

processor	: 1
vendor_id	: GenuineIntel
cpu family	: 6
model		: 37
model name	: Intel(R) Core(TM) i3 CPU       M 380  @ 2.53GHz
stepping	: 5
microcode	: 0x2
cpu MHz		: 931.000
cache size	: 3072 KB
physical id	: 0
siblings	: 4
core id		: 2
cpu cores	: 2
apicid		: 4
initial apicid	: 4
fpu		: yes
fpu_exception	: yes
cpuid level	: 11
wp		: yes
flags		: fpu vme de pse tsc msr pae mce cx8 apic sep mtrr pge mca cmov pat pse36 clflush dts acpi mmx fxsr sse sse2 ss ht tm pbe syscall nx rdtscp lm constant_tsc arch_perfmon pebs bts rep_good nopl xtopology nonstop_tsc aperfmperf pni dtes64 monitor ds_cpl vmx est tm2 ssse3 cx16 xtpr pdcm pcid sse4_1 sse4_2 popcnt lahf_lm arat dtherm tpr_shadow vnmi flexpriority ept vpid
bogomips	: 5053.75
clflush size	: 64
cache_alignment	: 64
address sizes	: 36 bits physical, 48 bits virtual
power management:

processor	: 2
vendor_id	: GenuineIntel
cpu family	: 6
model		: 37
model name	: Intel(R) Core(TM) i3 CPU       M 380  @ 2.53GHz
stepping	: 5
microcode	: 0x2
cpu MHz		: 2527.000
cache size	: 3072 KB
physical id	: 0
siblings	: 4
core id		: 0
cpu cores	: 2
apicid		: 1
initial apicid	: 1
fpu		: yes
fpu_exception	: yes
cpuid level	: 11
wp		: yes
flags		: fpu vme de pse tsc msr pae mce cx8 apic sep mtrr pge mca cmov pat pse36 clflush dts acpi mmx fxsr sse sse2 ss ht tm pbe syscall nx rdtscp lm constant_tsc arch_perfmon pebs bts rep_good nopl xtopology nonstop_tsc aperfmperf pni dtes64 monitor ds_cpl vmx est tm2 ssse3 cx16 xtpr pdcm pcid sse4_1 sse4_2 popcnt lahf_lm arat dtherm tpr_shadow vnmi flexpriority ept vpid
bogomips	: 5053.75
clflush size	: 64
cache_alignment	: 64
address sizes	: 36 bits physical, 48 bits virtual
power management:

processor	: 3
vendor_id	: GenuineIntel
cpu family	: 6
model		: 37
model name	: Intel(R) Core(TM) i3 CPU       M 380  @ 2.53GHz
stepping	: 5
microcode	: 0x2
cpu MHz		: 931.000
cache size	: 3072 KB
physical id	: 0
siblings	: 4
core id		: 2
cpu cores	: 2
apicid		: 5
initial apicid	: 5
fpu		: yes
fpu_exception	: yes
cpuid level	: 11
wp		: yes
flags		: fpu vme de pse tsc msr pae mce cx8 apic sep mtrr pge mca cmov pat pse36 clflush dts acpi mmx fxsr sse sse2 ss ht tm pbe syscall nx rdtscp lm constant_tsc arch_perfmon pebs bts rep_good nopl xtopology nonstop_tsc aperfmperf pni dtes64 monitor ds_cpl vmx est tm2 ssse3 cx16 xtpr pdcm pcid sse4_1 sse4_2 popcnt lahf_lm arat dtherm tpr_shadow vnmi flexpriority ept vpid
bogomips	: 5053.75
clflush size	: 64
cache_alignment	: 64
address sizes	: 36 bits physical, 48 bits virtual
power management:



Memory: 4k page, physical 3843884k(281768k free), swap 0k(0k free)

vm_info: Java HotSpot(TM) 64-Bit Server VM (25.40-b25) for linux-amd64 JRE (1.8.0_40-b25), built on Feb 10 2015 21:29:53 by "java_re" with gcc 4.3.0 20080428 (Red Hat 4.3.0-8)

time: Wed Apr 15 17:09:10 2015
elapsed time: 0 seconds (0d 0h 0m 0s)

