#
# There is insufficient memory for the Java Runtime Environment to continue.
# Native memory allocation (mmap) failed to map 60817408 bytes for committing reserved memory.
# Possible reasons:
#   The system is out of physical RAM or swap space
#   In 32 bit mode, the process size limit was hit
# Possible solutions:
#   Reduce memory load on the system
#   Increase physical memory or swap space
#   Check if swap backing store is full
#   Use 64 bit Java on a 64 bit OS
#   Decrease Java heap size (-Xmx/-Xms)
#   Decrease number of Java threads
#   Decrease Java thread stack sizes (-Xss)
#   Set larger code cache with -XX:ReservedCodeCacheSize=
# This output file may be truncated or incomplete.
#
#  Out of Memory Error (os_linux.cpp:2673), pid=8150, tid=140294982293248
#
# JRE version: Java(TM) SE Runtime Environment (8.0_40-b25) (build 1.8.0_40-b25)
# Java VM: Java HotSpot(TM) 64-Bit Server VM (25.40-b25 mixed mode linux-amd64 compressed oops)
# Failed to write core dump. Core dumps have been disabled. To enable core dumping, try "ulimit -c unlimited" before starting Java again
#

---------------  T H R E A D  ---------------

Current thread (0x00007f9910077800):  VMThread [stack: 0x00007f98f8855000,0x00007f98f8956000] [id=8157]

Stack: [0x00007f98f8855000,0x00007f98f8956000],  sp=0x00007f98f89541e0,  free space=1020k
Native frames: (J=compiled Java code, j=interpreted, Vv=VM code, C=native code)
V  [libjvm.so+0xaaca9a]  VMError::report_and_die()+0x2ba
V  [libjvm.so+0x4f333b]  report_vm_out_of_memory(char const*, int, unsigned long, VMErrorType, char const*)+0x8b
V  [libjvm.so+0x90e8c3]  os::Linux::commit_memory_impl(char*, unsigned long, bool)+0x103
V  [libjvm.so+0x90ee19]  os::pd_commit_memory(char*, unsigned long, unsigned long, bool)+0x29
V  [libjvm.so+0x90877a]  os::commit_memory(char*, unsigned long, unsigned long, bool)+0x2a
V  [libjvm.so+0x97bbc3]  PSVirtualSpace::expand_by(unsigned long)+0x53
V  [libjvm.so+0x97cfc8]  PSYoungGen::resize_generation(unsigned long, unsigned long)+0xf8
V  [libjvm.so+0x97c122]  PSYoungGen::resize(unsigned long, unsigned long)+0x22
V  [libjvm.so+0x9793fb]  PSScavenge::invoke_no_policy()+0xf7b
V  [libjvm.so+0x979b81]  PSScavenge::invoke()+0x41
V  [libjvm.so+0x932150]  ParallelScavengeHeap::failed_mem_allocate(unsigned long)+0x70
V  [libjvm.so+0xaae2d7]  VM_ParallelGCFailedAllocation::doit()+0x97
V  [libjvm.so+0xab5ac5]  VM_Operation::evaluate()+0x55
V  [libjvm.so+0xab3e9a]  VMThread::evaluate_operation(VM_Operation*)+0xba
V  [libjvm.so+0xab421e]  VMThread::loop()+0x1ce
V  [libjvm.so+0xab4690]  VMThread::run()+0x70
V  [libjvm.so+0x910ee8]  java_start(Thread*)+0x108

VM_Operation (0x00007f9916cf3cc0): ParallelGCFailedAllocation, mode: safepoint, requested by thread 0x00007f9910009800


---------------  P R O C E S S  ---------------

Java Threads: ( => current thread )
  0x00007f99100c0800 JavaThread "Service Thread" daemon [_thread_blocked, id=8164, stack(0x00007f98f814e000,0x00007f98f824f000)]
  0x00007f99100bb800 JavaThread "C1 CompilerThread2" daemon [_thread_blocked, id=8163, stack(0x00007f98f824f000,0x00007f98f8350000)]
  0x00007f99100b9800 JavaThread "C2 CompilerThread1" daemon [_thread_blocked, id=8162, stack(0x00007f98f8350000,0x00007f98f8451000)]
  0x00007f99100b6800 JavaThread "C2 CompilerThread0" daemon [_thread_blocked, id=8161, stack(0x00007f98f8451000,0x00007f98f8552000)]
  0x00007f99100b5800 JavaThread "Signal Dispatcher" daemon [_thread_blocked, id=8160, stack(0x00007f98f8552000,0x00007f98f8653000)]
  0x00007f991007f000 JavaThread "Finalizer" daemon [_thread_blocked, id=8159, stack(0x00007f98f8653000,0x00007f98f8754000)]
  0x00007f991007d000 JavaThread "Reference Handler" daemon [_thread_blocked, id=8158, stack(0x00007f98f8754000,0x00007f98f8855000)]
  0x00007f9910009800 JavaThread "main" [_thread_blocked, id=8152, stack(0x00007f9916bf7000,0x00007f9916cf8000)]

Other Threads:
=>0x00007f9910077800 VMThread [stack: 0x00007f98f8855000,0x00007f98f8956000] [id=8157]
  0x00007f99100c3800 WatcherThread [stack: 0x00007f98f804d000,0x00007f98f814e000] [id=8165]

VM state:at safepoint (normal execution)

VM Mutex/Monitor currently owned by a thread:  ([mutex/lock_event])
[0x00007f9910006070] Threads_lock - owner thread: 0x00007f9910077800
[0x00007f9910006570] Heap_lock - owner thread: 0x00007f9910009800

Heap:
 PSYoungGen      total 73216K, used 5265K [0x00000000ec700000, 0x00000000f1a00000, 0x0000000100000000)
  eden space 61440K, 0% used [0x00000000ec700000,0x00000000ec700000,0x00000000f0300000)
  from space 11776K, 44% used [0x00000000f0300000,0x00000000f0824730,0x00000000f0e80000)
  to   space 11776K, 0% used [0x00000000f0e80000,0x00000000f0e80000,0x00000000f1a00000)
 ParOldGen       total 40960K, used 19791K [0x00000000c5400000, 0x00000000c7c00000, 0x00000000ec700000)
  object space 40960K, 48% used [0x00000000c5400000,0x00000000c6753db0,0x00000000c7c00000)
 Metaspace       used 13393K, capacity 13594K, committed 13824K, reserved 1060864K
  class space    used 1436K, capacity 1501K, committed 1536K, reserved 1048576K

Card table byte_map: [0x00007f9900642000,0x00007f9900819000] byte_map_base: 0x00007f9900018000

Marking Bits: (ParMarkBitMap*) 0x00007f99160cd6c0
 Begin Bits: [0x00007f98fa2a0000, 0x00007f98fb150000)
 End Bits:   [0x00007f98fb150000, 0x00007f98fc000000)

Polling page: 0x00007f9916d13000

CodeCache: size=245760Kb used=12939Kb max_used=12950Kb free=232820Kb
 bounds [0x00007f9900bd9000, 0x00007f9901889000, 0x00007f990fbd9000]
 total_blobs=3585 nmethods=3258 adapters=240
 compilation: enabled

Compilation events (10 events):
Event: 12.068 Thread 0x00007f99100b6800 3352       4       com.sun.tools.javac.code.Symbol$TypeSymbol::precedes (132 bytes)
Event: 12.088 Thread 0x00007f99100bb800 3356       2       com.sun.tools.javac.comp.Check$Validator::visitTypeApply (287 bytes)
Event: 12.091 Thread 0x00007f99100bb800 nmethod 3356 0x00007f99018807d0 code [0x00007f9901880a80, 0x00007f9901881558]
Event: 12.091 Thread 0x00007f99100bb800 3357       2       com.sun.tools.javac.comp.Check::access$500 (6 bytes)
Event: 12.092 Thread 0x00007f99100bb800 nmethod 3357 0x00007f9901862c90 code [0x00007f9901862e00, 0x00007f9901862f48]
Event: 12.097 Thread 0x00007f99100b6800 nmethod 3352 0x00007f9901883b50 code [0x00007f9901884180, 0x00007f99018853a0]
Event: 12.097 Thread 0x00007f99100b6800 3355       4       com.sun.tools.javac.tree.TreeInfo$1DeclScanner::visitVarDef (25 bytes)
Event: 12.104 Thread 0x00007f99100b6800 nmethod 3355 0x00007f990187ead0 code [0x00007f990187ec40, 0x00007f990187ee98]
Event: 12.104 Thread 0x00007f99100b6800 3349       4       com.sun.tools.javac.util.JCDiagnostic$Factory::create (28 bytes)
Event: 12.126 Thread 0x00007f99100bb800 3360       2       com.sun.tools.javac.comp.Resolve::isProtectedAccessible (110 bytes)

GC Heap History (10 events):
Event: 4.576 GC heap after
Heap after GC invocations=2 (full 0):
 PSYoungGen      total 17920K, used 2512K [0x00000000ec700000, 0x00000000edb00000, 0x0000000100000000)
  eden space 15360K, 0% used [0x00000000ec700000,0x00000000ec700000,0x00000000ed600000)
  from space 2560K, 98% used [0x00000000ed880000,0x00000000edaf4070,0x00000000edb00000)
  to   space 2560K, 0% used [0x00000000ed600000,0x00000000ed600000,0x00000000ed880000)
 ParOldGen       total 40960K, used 1861K [0x00000000c5400000, 0x00000000c7c00000, 0x00000000ec700000)
  object space 40960K, 4% used [0x00000000c5400000,0x00000000c55d14f8,0x00000000c7c00000)
 Metaspace       used 9625K, capacity 9898K, committed 9984K, reserved 1058816K
  class space    used 1168K, capacity 1213K, committed 1280K, reserved 1048576K
}
Event: 5.340 GC heap before
{Heap before GC invocations=3 (full 0):
 PSYoungGen      total 17920K, used 17192K [0x00000000ec700000, 0x00000000edb00000, 0x0000000100000000)
  eden space 15360K, 95% used [0x00000000ec700000,0x00000000ed556228,0x00000000ed600000)
  from space 2560K, 98% used [0x00000000ed880000,0x00000000edaf4070,0x00000000edb00000)
  to   space 2560K, 0% used [0x00000000ed600000,0x00000000ed600000,0x00000000ed880000)
 ParOldGen       total 40960K, used 1861K [0x00000000c5400000, 0x00000000c7c00000, 0x00000000ec700000)
  object space 40960K, 4% used [0x00000000c5400000,0x00000000c55d14f8,0x00000000c7c00000)
 Metaspace       used 10795K, capacity 10922K, committed 11136K, reserved 1058816K
  class space    used 1277K, capacity 1341K, committed 1408K, reserved 1048576K
Event: 5.364 GC heap after
Heap after GC invocations=3 (full 0):
 PSYoungGen      total 17920K, used 2541K [0x00000000ec700000, 0x00000000eea00000, 0x0000000100000000)
  eden space 15360K, 0% used [0x00000000ec700000,0x00000000ec700000,0x00000000ed600000)
  from space 2560K, 99% used [0x00000000ed600000,0x00000000ed87b4c0,0x00000000ed880000)
  to   space 2560K, 0% used [0x00000000ee780000,0x00000000ee780000,0x00000000eea00000)
 ParOldGen       total 40960K, used 8533K [0x00000000c5400000, 0x00000000c7c00000, 0x00000000ec700000)
  object space 40960K, 20% used [0x00000000c5400000,0x00000000c5c55648,0x00000000c7c00000)
 Metaspace       used 10795K, capacity 10922K, committed 11136K, reserved 1058816K
  class space    used 1277K, capacity 1341K, committed 1408K, reserved 1048576K
}
Event: 6.468 GC heap before
{Heap before GC invocations=4 (full 0):
 PSYoungGen      total 17920K, used 17901K [0x00000000ec700000, 0x00000000eea00000, 0x0000000100000000)
  eden space 15360K, 100% used [0x00000000ec700000,0x00000000ed600000,0x00000000ed600000)
  from space 2560K, 99% used [0x00000000ed600000,0x00000000ed87b4c0,0x00000000ed880000)
  to   space 2560K, 0% used [0x00000000ee780000,0x00000000ee780000,0x00000000eea00000)
 ParOldGen       total 40960K, used 8533K [0x00000000c5400000, 0x00000000c7c00000, 0x00000000ec700000)
  object space 40960K, 20% used [0x00000000c5400000,0x00000000c5c55648,0x00000000c7c00000)
 Metaspace       used 10893K, capacity 11058K, committed 11136K, reserved 1058816K
  class space    used 1281K, capacity 1341K, committed 1408K, reserved 1048576K
Event: 6.503 GC heap after
Heap after GC invocations=4 (full 0):
 PSYoungGen      total 33280K, used 2552K [0x00000000ec700000, 0x00000000eea00000, 0x0000000100000000)
  eden space 30720K, 0% used [0x00000000ec700000,0x00000000ec700000,0x00000000ee500000)
  from space 2560K, 99% used [0x00000000ee780000,0x00000000ee9fe2c8,0x00000000eea00000)
  to   space 2560K, 0% used [0x00000000ee500000,0x00000000ee500000,0x00000000ee780000)
 ParOldGen       total 40960K, used 12727K [0x00000000c5400000, 0x00000000c7c00000, 0x00000000ec700000)
  object space 40960K, 31% used [0x00000000c5400000,0x00000000c606dca8,0x00000000c7c00000)
 Metaspace       used 10893K, capacity 11058K, committed 11136K, reserved 1058816K
  class space    used 1281K, capacity 1341K, committed 1408K, reserved 1048576K
}
Event: 8.871 GC heap before
{Heap before GC invocations=5 (full 0):
 PSYoungGen      total 33280K, used 33272K [0x00000000ec700000, 0x00000000eea00000, 0x0000000100000000)
  eden space 30720K, 100% used [0x00000000ec700000,0x00000000ee500000,0x00000000ee500000)
  from space 2560K, 99% used [0x00000000ee780000,0x00000000ee9fe2c8,0x00000000eea00000)
  to   space 2560K, 0% used [0x00000000ee500000,0x00000000ee500000,0x00000000ee780000)
 ParOldGen       total 40960K, used 12727K [0x00000000c5400000, 0x00000000c7c00000, 0x00000000ec700000)
  object space 40960K, 31% used [0x00000000c5400000,0x00000000c606dca8,0x00000000c7c00000)
 Metaspace       used 12254K, capacity 12442K, committed 12544K, reserved 1060864K
  class space    used 1381K, capacity 1437K, committed 1536K, reserved 1048576K
Event: 8.932 GC heap after
Heap after GC invocations=5 (full 0):
 PSYoungGen      total 33280K, used 2530K [0x00000000ec700000, 0x00000000f1a00000, 0x0000000100000000)
  eden space 30720K, 0% used [0x00000000ec700000,0x00000000ec700000,0x00000000ee500000)
  from space 2560K, 98% used [0x00000000ee500000,0x00000000ee778990,0x00000000ee780000)
  to   space 11776K, 0% used [0x00000000f0e80000,0x00000000f0e80000,0x00000000f1a00000)
 ParOldGen       total 40960K, used 19223K [0x00000000c5400000, 0x00000000c7c00000, 0x00000000ec700000)
  object space 40960K, 46% used [0x00000000c5400000,0x00000000c66c5d80,0x00000000c7c00000)
 Metaspace       used 12254K, capacity 12442K, committed 12544K, reserved 1060864K
  class space    used 1381K, capacity 1437K, committed 1536K, reserved 1048576K
}
Event: 9.760 GC heap before
{Heap before GC invocations=6 (full 0):
 PSYoungGen      total 33280K, used 33250K [0x00000000ec700000, 0x00000000f1a00000, 0x0000000100000000)
  eden space 30720K, 100% used [0x00000000ec700000,0x00000000ee500000,0x00000000ee500000)
  from space 2560K, 98% used [0x00000000ee500000,0x00000000ee778990,0x00000000ee780000)
  to   space 11776K, 0% used [0x00000000f0e80000,0x00000000f0e80000,0x00000000f1a00000)
 ParOldGen       total 40960K, used 19223K [0x00000000c5400000, 0x00000000c7c00000, 0x00000000ec700000)
  object space 40960K, 46% used [0x00000000c5400000,0x00000000c66c5d80,0x00000000c7c00000)
 Metaspace       used 12484K, capacity 12634K, committed 12800K, reserved 1060864K
  class space    used 1381K, capacity 1437K, committed 1536K, reserved 1048576K
Event: 9.789 GC heap after
Heap after GC invocations=6 (full 0):
 PSYoungGen      total 73216K, used 3561K [0x00000000ec700000, 0x00000000f1a00000, 0x0000000100000000)
  eden space 61440K, 0% used [0x00000000ec700000,0x00000000ec700000,0x00000000f0300000)
  from space 11776K, 30% used [0x00000000f0e80000,0x00000000f11fa4f8,0x00000000f1a00000)
  to   space 11776K, 0% used [0x00000000f0300000,0x00000000f0300000,0x00000000f0e80000)
 ParOldGen       total 40960K, used 19223K [0x00000000c5400000, 0x00000000c7c00000, 0x00000000ec700000)
  object space 40960K, 46% used [0x00000000c5400000,0x00000000c66c5d80,0x00000000c7c00000)
 Metaspace       used 12484K, capacity 12634K, committed 12800K, reserved 1060864K
  class space    used 1381K, capacity 1437K, committed 1536K, reserved 1048576K
}
Event: 14.851 GC heap before
{Heap before GC invocations=7 (full 0):
 PSYoungGen      total 73216K, used 65001K [0x00000000ec700000, 0x00000000f1a00000, 0x0000000100000000)
  eden space 61440K, 100% used [0x00000000ec700000,0x00000000f0300000,0x00000000f0300000)
  from space 11776K, 30% used [0x00000000f0e80000,0x00000000f11fa4f8,0x00000000f1a00000)
  to   space 11776K, 0% used [0x00000000f0300000,0x00000000f0300000,0x00000000f0e80000)
 ParOldGen       total 40960K, used 19223K [0x00000000c5400000, 0x00000000c7c00000, 0x00000000ec700000)
  object space 40960K, 46% used [0x00000000c5400000,0x00000000c66c5d80,0x00000000c7c00000)
 Metaspace       used 13393K, capacity 13594K, committed 13824K, reserved 1060864K
  class space    used 1436K, capacity 1501K, committed 1536K, reserved 1048576K

Deoptimization events (10 events):
Event: 11.319 Thread 0x00007f9910009800 Uncommon trap: reason=class_check action=maybe_recompile pc=0x00007f9900d81130 method=java.lang.String.equals(Ljava/lang/Object;)Z @ 8
Event: 11.319 Thread 0x00007f9910009800 Uncommon trap: reason=class_check action=maybe_recompile pc=0x00007f9900d81130 method=java.lang.String.equals(Ljava/lang/Object;)Z @ 8
Event: 11.361 Thread 0x00007f9910009800 Uncommon trap: reason=class_check action=maybe_recompile pc=0x00007f990108953c method=java.util.HashMap.putVal(ILjava/lang/Object;Ljava/lang/Object;ZZ)Ljava/lang/Object; @ 203
Event: 11.365 Thread 0x00007f9910009800 Uncommon trap: reason=class_check action=maybe_recompile pc=0x00007f99010881c8 method=java.util.HashMap.putVal(ILjava/lang/Object;Ljava/lang/Object;ZZ)Ljava/lang/Object; @ 203
Event: 11.526 Thread 0x00007f9910009800 Uncommon trap: reason=unstable_if action=reinterpret pc=0x00007f9901148164 method=com.sun.tools.javac.util.ArrayUtils.ensureCapacity([BI)[B @ 3
Event: 11.600 Thread 0x00007f9910009800 Uncommon trap: reason=speculate_class_check action=maybe_recompile pc=0x00007f9900e4b0c0 method=com.sun.tools.javac.util.ArrayUtils.ensureCapacity([Ljava/lang/Object;I)[Ljava/lang/Object; @ 39
Event: 11.753 Thread 0x00007f9910009800 Uncommon trap: reason=speculate_class_check action=maybe_recompile pc=0x00007f9900e4b0c0 method=com.sun.tools.javac.util.ArrayUtils.ensureCapacity([Ljava/lang/Object;I)[Ljava/lang/Object; @ 39
Event: 11.775 Thread 0x00007f9910009800 Uncommon trap: reason=speculate_class_check action=maybe_recompile pc=0x00007f9900e4b0c0 method=com.sun.tools.javac.util.ArrayUtils.ensureCapacity([Ljava/lang/Object;I)[Ljava/lang/Object; @ 39
Event: 11.841 Thread 0x00007f9910009800 Uncommon trap: reason=speculate_class_check action=maybe_recompile pc=0x00007f9900e4b0c0 method=com.sun.tools.javac.util.ArrayUtils.ensureCapacity([Ljava/lang/Object;I)[Ljava/lang/Object; @ 39
Event: 11.884 Thread 0x00007f9910009800 Uncommon trap: reason=unstable_if action=reinterpret pc=0x00007f9900f44668 method=com.sun.tools.javac.util.Convert.chars2utf([CI[BII)I @ 35

Internal exceptions (9 events):
Event: 0.561 Thread 0x00007f9910009800 Exception <a 'java/lang/NoSuchMethodError': Method sun.misc.Unsafe.defineClass(Ljava/lang/String;[BII)Ljava/lang/Class; name or signature does not match> (0x00000000ec712900) thrown at [/HUDSON/workspace/8-2-build-linux-amd64/jdk8u40/2855/hotspot/src/shar
Event: 0.561 Thread 0x00007f9910009800 Exception <a 'java/lang/NoSuchMethodError': Method sun.misc.Unsafe.prefetchRead(Ljava/lang/Object;J)V name or signature does not match> (0x00000000ec712b90) thrown at [/HUDSON/workspace/8-2-build-linux-amd64/jdk8u40/2855/hotspot/src/share/vm/prims/jni.cpp
Event: 1.037 Thread 0x00007f9910009800 Exception <a 'java/security/PrivilegedActionException'> (0x00000000ec853f60) thrown at [/HUDSON/workspace/8-2-build-linux-amd64/jdk8u40/2855/hotspot/src/share/vm/prims/jvm.cpp, line 1382]
Event: 1.037 Thread 0x00007f9910009800 Exception <a 'java/security/PrivilegedActionException'> (0x00000000ec854118) thrown at [/HUDSON/workspace/8-2-build-linux-amd64/jdk8u40/2855/hotspot/src/share/vm/prims/jvm.cpp, line 1382]
Event: 1.038 Thread 0x00007f9910009800 Exception <a 'java/security/PrivilegedActionException'> (0x00000000ec856500) thrown at [/HUDSON/workspace/8-2-build-linux-amd64/jdk8u40/2855/hotspot/src/share/vm/prims/jvm.cpp, line 1382]
Event: 1.038 Thread 0x00007f9910009800 Exception <a 'java/security/PrivilegedActionException'> (0x00000000ec8566b8) thrown at [/HUDSON/workspace/8-2-build-linux-amd64/jdk8u40/2855/hotspot/src/share/vm/prims/jvm.cpp, line 1382]
Event: 2.579 Thread 0x00007f9910009800 Exception <a 'java/lang/ClassNotFoundException': org/apache/tools/ant/helper/DefaultExecutor> (0x00000000ece67af0) thrown at [/HUDSON/workspace/8-2-build-linux-amd64/jdk8u40/2855/hotspot/src/share/vm/classfile/systemDictionary.cpp, line 210]
Event: 6.343 Thread 0x00007f9910009800 Exception <a 'java/io/FileNotFoundException'> (0x00000000ed4d3520) thrown at [/HUDSON/workspace/8-2-build-linux-amd64/jdk8u40/2855/hotspot/src/share/vm/prims/jni.cpp, line 709]
Event: 6.460 Thread 0x00007f9910009800 Exception <a 'java/io/FileNotFoundException'> (0x00000000ed51fa80) thrown at [/HUDSON/workspace/8-2-build-linux-amd64/jdk8u40/2855/hotspot/src/share/vm/prims/jni.cpp, line 709]

Events (10 events):
Event: 11.841 Thread 0x00007f9910009800 DEOPT PACKING pc=0x00007f9900e4b0c0 sp=0x00007f9916cf3de0
Event: 11.841 Thread 0x00007f9910009800 DEOPT UNPACKING pc=0x00007f9900bde229 sp=0x00007f9916cf3d78 mode 2
Event: 11.864 Executing VM operation: ForceSafepoint
Event: 11.865 Executing VM operation: ForceSafepoint done
Event: 11.884 Thread 0x00007f9910009800 Uncommon trap: trap_request=0xffffff65 fr.pc=0x00007f9900f44668
Event: 11.884 Thread 0x00007f9910009800 DEOPT PACKING pc=0x00007f9900f44668 sp=0x00007f9916cf4800
Event: 11.884 Thread 0x00007f9910009800 DEOPT UNPACKING pc=0x00007f9900bde229 sp=0x00007f9916cf4788 mode 2
Event: 11.998 Thread 0x00007f9910009800 DEOPT PACKING pc=0x00007f99013fb490 sp=0x00007f9916cf3070
Event: 11.998 Thread 0x00007f9910009800 DEOPT UNPACKING pc=0x00007f9900c20233 sp=0x00007f9916cf2dd8 mode 0
Event: 14.431 Executing VM operation: ParallelGCFailedAllocation


Dynamic libraries:
00400000-00401000 r-xp 00000000 08:04 2303821                            /usr/local/java/jdk1.8.0_40/jre/bin/java
00600000-00601000 rw-p 00000000 08:04 2303821                            /usr/local/java/jdk1.8.0_40/jre/bin/java
009fd000-00a1e000 rw-p 00000000 00:00 0                                  [heap]
c5400000-c7c00000 rw-p 00000000 00:00 0 
c7c00000-ec700000 ---p 00000000 00:00 0 
ec700000-f1a00000 rw-p 00000000 00:00 0 
f5400000-100000000 ---p 00000000 00:00 0 
100000000-100180000 rw-p 00000000 00:00 0 
100180000-140000000 ---p 00000000 00:00 0 
7f98c4000000-7f98c4021000 rw-p 00000000 00:00 0 
7f98c4021000-7f98c8000000 ---p 00000000 00:00 0 
7f98c8000000-7f98c8021000 rw-p 00000000 00:00 0 
7f98c8021000-7f98cc000000 ---p 00000000 00:00 0 
7f98cc000000-7f98cdf49000 rw-p 00000000 00:00 0 
7f98cdf49000-7f98d0000000 ---p 00000000 00:00 0 
7f98d0000000-7f98d0b5e000 rw-p 00000000 00:00 0 
7f98d0b5e000-7f98d4000000 ---p 00000000 00:00 0 
7f98d4000000-7f98d4021000 rw-p 00000000 00:00 0 
7f98d4021000-7f98d8000000 ---p 00000000 00:00 0 
7f98d8000000-7f98d9762000 rw-p 00000000 00:00 0 
7f98d9762000-7f98dc000000 ---p 00000000 00:00 0 
7f98dc000000-7f98dc021000 rw-p 00000000 00:00 0 
7f98dc021000-7f98e0000000 ---p 00000000 00:00 0 
7f98e0000000-7f98e0021000 rw-p 00000000 00:00 0 
7f98e0021000-7f98e4000000 ---p 00000000 00:00 0 
7f98e4000000-7f98e4021000 rw-p 00000000 00:00 0 
7f98e4021000-7f98e8000000 ---p 00000000 00:00 0 
7f98e8000000-7f98e8289000 rw-p 00000000 00:00 0 
7f98e8289000-7f98ec000000 ---p 00000000 00:00 0 
7f98ec000000-7f98ec021000 rw-p 00000000 00:00 0 
7f98ec021000-7f98f0000000 ---p 00000000 00:00 0 
7f98f33aa000-7f98f35ab000 rw-p 00000000 00:00 0 
7f98f35ab000-7f98f35c4000 r--s 00132000 08:04 2026931                    /usr/share/java/xercesImpl-2.11.0.jar
7f98f35c4000-7f98f35cd000 r--s 00031000 08:04 2026925                    /usr/share/java/xml-apis-1.4.01.jar
7f98f35cd000-7f98f35ce000 r--s 00002000 08:04 3360324                    /home/ankit/Downloads/CMPE275/TeamProject/Distributed-file-system-server-with-RAFT/core-netty-4.4-version-2/lib/slf4j-simple-1.7.2.jar
7f98f35ce000-7f98f35fc000 r--s 003fd000 08:04 3377443                    /home/ankit/Downloads/CMPE275/TeamProject/Distributed-file-system-server-with-RAFT/core-netty-4.4-version-2/lib/slf4j-1.7.12.jar
7f98f35fc000-7f98f3604000 r--s 0007b000 08:04 3360322                    /home/ankit/Downloads/CMPE275/TeamProject/Distributed-file-system-server-with-RAFT/core-netty-4.4-version-2/lib/protobuf-java-2.5.0.jar
7f98f3604000-7f98f361e000 r--s 00155000 08:04 3360321                    /home/ankit/Downloads/CMPE275/TeamProject/Distributed-file-system-server-with-RAFT/core-netty-4.4-version-2/lib/netty-all-4.0.15.Final.jar
7f98f361e000-7f98f3621000 r--s 0005e000 08:04 3360280                    /home/ankit/Downloads/CMPE275/TeamProject/Distributed-file-system-server-with-RAFT/core-netty-4.4-version-2/lib/mysql-connector.jar
7f98f3621000-7f98f3627000 r--s 00034000 08:04 3360320                    /home/ankit/Downloads/CMPE275/TeamProject/Distributed-file-system-server-with-RAFT/core-netty-4.4-version-2/lib/junit-4.8.2.jar
7f98f3627000-7f98f3638000 r--s 000ac000 08:04 3360319                    /home/ankit/Downloads/CMPE275/TeamProject/Distributed-file-system-server-with-RAFT/core-netty-4.4-version-2/lib/jts-1.12.jar
7f98f3638000-7f98f3649000 r--s 000e7000 08:04 3360318                    /home/ankit/Downloads/CMPE275/TeamProject/Distributed-file-system-server-with-RAFT/core-netty-4.4-version-2/lib/jackson-all-1.8.5.jar
7f98f3649000-7f98f3653000 r--s 00143000 08:04 3360317                    /home/ankit/Downloads/CMPE275/TeamProject/Distributed-file-system-server-with-RAFT/core-netty-4.4-version-2/lib/h2-1.3.169.jar
7f98f3653000-7f98f3677000 r--s 001aa000 08:04 3360316                    /home/ankit/Downloads/CMPE275/TeamProject/Distributed-file-system-server-with-RAFT/core-netty-4.4-version-2/lib/guava-13.0.1.jar
7f98f3677000-7f98f367b000 r--s 00038000 08:04 3360315                    /home/ankit/Downloads/CMPE275/TeamProject/Distributed-file-system-server-with-RAFT/core-netty-4.4-version-2/lib/commons-lang-2.3.jar
7f98f367b000-7f98f3689000 r--s 0007f000 08:04 3360314                    /home/ankit/Downloads/CMPE275/TeamProject/Distributed-file-system-server-with-RAFT/core-netty-4.4-version-2/lib/commons-collections-3.2.1.jar
7f98f3689000-7f98f3889000 rw-p 00000000 00:00 0 
7f98f3889000-7f98f38a5000 r--s 00393000 08:04 2303983                    /usr/local/java/jdk1.8.0_40/jre/lib/ext/cldrdata.jar
7f98f38a5000-7f98f391e000 r--s 010e7000 08:04 2302183                    /usr/local/java/jdk1.8.0_40/lib/tools.jar
7f98f391e000-7f98f4000000 r--p 00000000 08:04 1976639                    /usr/lib/locale/locale-archive
7f98f4000000-7f98f4021000 rw-p 00000000 00:00 0 
7f98f4021000-7f98f8000000 ---p 00000000 00:00 0 
7f98f8000000-7f98f8002000 r--s 00005000 08:04 3360323                    /home/ankit/Downloads/CMPE275/TeamProject/Distributed-file-system-server-with-RAFT/core-netty-4.4-version-2/lib/slf4j-api-1.7.2.jar
7f98f8002000-7f98f8004000 r--s 0001b000 08:04 3360313                    /home/ankit/Downloads/CMPE275/TeamProject/Distributed-file-system-server-with-RAFT/core-netty-4.4-version-2/lib/bonecp-0.7.1.RELEASE.jar
7f98f8004000-7f98f800b000 r--s 0006a000 08:04 3310912                    /home/ankit/Downloads/CMPE275/TeamProject/Distributed-file-system-server-with-RAFT/core-netty-4.4-version-2/lib/apache-commons-net.jar
7f98f800b000-7f98f8016000 r--s 00116000 08:04 2303989                    /usr/local/java/jdk1.8.0_40/jre/lib/ext/localedata.jar
7f98f8016000-7f98f8017000 r--s 00001000 08:04 2026954                    /usr/share/java/ant-apache-xalan2-1.9.4.jar
7f98f8017000-7f98f8019000 r--s 0001b000 08:04 2026945                    /usr/share/java/ant-junit-1.9.4.jar
7f98f8019000-7f98f801a000 r--s 00002000 08:04 2026940                    /usr/share/java/ant-apache-resolver-1.9.4.jar
7f98f801a000-7f98f801c000 r--s 00004000 08:04 2026943                    /usr/share/java/ant-testutil-1.9.4.jar
7f98f801c000-7f98f801e000 r--s 00002000 08:04 2026941                    /usr/share/java/ant-jmf-1.9.4.jar
7f98f801e000-7f98f801f000 r--s 00002000 08:04 2026946                    /usr/share/java/ant-antlr-1.9.4.jar
7f98f801f000-7f98f8020000 r--s 00002000 08:04 2026948                    /usr/share/java/ant-apache-oro-1.9.4.jar
7f98f8020000-7f98f8023000 r--s 00014000 08:04 2026950                    /usr/share/java/ant-commons-net-1.9.4.jar
7f98f8023000-7f98f8025000 r--s 00002000 08:04 2026939                    /usr/share/java/ant-junit4-1.9.4.jar
7f98f8025000-7f98f8044000 r--s 001cf000 08:04 2026934                    /usr/share/java/ant-1.9.4.jar
7f98f8044000-7f98f804d000 r--s 00031000 08:04 2026925                    /usr/share/java/xml-apis-1.4.01.jar
7f98f804d000-7f98f804e000 ---p 00000000 00:00 0 
7f98f804e000-7f98f814e000 rw-p 00000000 00:00 0                          [stack:8165]
7f98f814e000-7f98f8151000 ---p 00000000 00:00 0 
7f98f8151000-7f98f824f000 rw-p 00000000 00:00 0                          [stack:8164]
7f98f824f000-7f98f8252000 ---p 00000000 00:00 0 
7f98f8252000-7f98f8350000 rw-p 00000000 00:00 0                          [stack:8163]
7f98f8350000-7f98f8353000 ---p 00000000 00:00 0 
7f98f8353000-7f98f8451000 rw-p 00000000 00:00 0                          [stack:8162]
7f98f8451000-7f98f8454000 ---p 00000000 00:00 0 
7f98f8454000-7f98f8552000 rw-p 00000000 00:00 0                          [stack:8161]
7f98f8552000-7f98f8555000 ---p 00000000 00:00 0 
7f98f8555000-7f98f8653000 rw-p 00000000 00:00 0                          [stack:8160]
7f98f8653000-7f98f8656000 ---p 00000000 00:00 0 
7f98f8656000-7f98f8754000 rw-p 00000000 00:00 0                          [stack:8159]
7f98f8754000-7f98f8757000 ---p 00000000 00:00 0 
7f98f8757000-7f98f8855000 rw-p 00000000 00:00 0                          [stack:8158]
7f98f8855000-7f98f8856000 ---p 00000000 00:00 0 
7f98f8856000-7f98f98c8000 rw-p 00000000 00:00 0                          [stack:8157]
7f98f98c8000-7f98f9aa0000 r--s 03d09000 08:04 2303928                    /usr/local/java/jdk1.8.0_40/jre/lib/rt.jar
7f98f9aa0000-7f98fc000000 rw-p 00000000 00:00 0 
7f98fc000000-7f98fc021000 rw-p 00000000 00:00 0 
7f98fc021000-7f9900000000 ---p 00000000 00:00 0 
7f9900000000-7f9900019000 r--s 00132000 08:04 2026931                    /usr/share/java/xercesImpl-2.11.0.jar
7f9900019000-7f990023e000 rw-p 00000000 00:00 0 
7f990023e000-7f990023f000 ---p 00000000 00:00 0 
7f990023f000-7f990033f000 rw-p 00000000 00:00 0                          [stack:8156]
7f990033f000-7f9900340000 ---p 00000000 00:00 0 
7f9900340000-7f9900440000 rw-p 00000000 00:00 0                          [stack:8155]
7f9900440000-7f9900441000 ---p 00000000 00:00 0 
7f9900441000-7f9900541000 rw-p 00000000 00:00 0                          [stack:8154]
7f9900541000-7f9900542000 ---p 00000000 00:00 0 
7f9900542000-7f9900656000 rw-p 00000000 00:00 0                          [stack:8153]
7f9900656000-7f990077b000 ---p 00000000 00:00 0 
7f990077b000-7f99007a5000 rw-p 00000000 00:00 0 
7f99007a5000-7f9900818000 ---p 00000000 00:00 0 
7f9900818000-7f990084c000 rw-p 00000000 00:00 0 
7f990084c000-7f9900bd9000 ---p 00000000 00:00 0 
7f9900bd9000-7f9901889000 rwxp 00000000 00:00 0 
7f9901889000-7f990fbd9000 ---p 00000000 00:00 0 
7f990fbd9000-7f990fbf3000 r-xp 00000000 08:04 2304223                    /usr/local/java/jdk1.8.0_40/jre/lib/amd64/libzip.so
7f990fbf3000-7f990fdf3000 ---p 0001a000 08:04 2304223                    /usr/local/java/jdk1.8.0_40/jre/lib/amd64/libzip.so
7f990fdf3000-7f990fdf4000 rw-p 0001a000 08:04 2304223                    /usr/local/java/jdk1.8.0_40/jre/lib/amd64/libzip.so
7f990fdf4000-7f990fdff000 r-xp 00000000 08:04 5111913                    /lib/x86_64-linux-gnu/libnss_files-2.19.so
7f990fdff000-7f990fffe000 ---p 0000b000 08:04 5111913                    /lib/x86_64-linux-gnu/libnss_files-2.19.so
7f990fffe000-7f990ffff000 r--p 0000a000 08:04 5111913                    /lib/x86_64-linux-gnu/libnss_files-2.19.so
7f990ffff000-7f9910000000 rw-p 0000b000 08:04 5111913                    /lib/x86_64-linux-gnu/libnss_files-2.19.so
7f9910000000-7f99107a3000 rw-p 00000000 00:00 0 
7f99107a3000-7f9914000000 ---p 00000000 00:00 0 
7f9914000000-7f9914001000 r--s 00003000 08:04 2026951                    /usr/share/java/ant-apache-bcel-1.9.4.jar
7f9914001000-7f9914002000 r--s 00002000 08:04 2026956                    /usr/share/java/ant-apache-regexp-1.9.4.jar
7f9914002000-7f9914003000 r--s 00002000 08:04 2026944                    /usr/share/java/ant-apache-bsf-1.9.4.jar
7f9914003000-7f9914005000 r--s 0000a000 08:04 2026947                    /usr/share/java/ant-jsch-1.9.4.jar
7f9914005000-7f9914006000 r--s 00002000 08:04 2026953                    /usr/share/java/ant-commons-logging-1.9.4.jar
7f9914006000-7f9914007000 r--s 00003000 08:04 2026949                    /usr/share/java/ant-swing-1.9.4.jar
7f9914007000-7f9914091000 rw-p 00000000 00:00 0 
7f9914091000-7f99141b7000 ---p 00000000 00:00 0 
7f99141b7000-7f99141c2000 r-xp 00000000 08:04 5114449                    /lib/x86_64-linux-gnu/libnss_nis-2.19.so
7f99141c2000-7f99143c1000 ---p 0000b000 08:04 5114449                    /lib/x86_64-linux-gnu/libnss_nis-2.19.so
7f99143c1000-7f99143c2000 r--p 0000a000 08:04 5114449                    /lib/x86_64-linux-gnu/libnss_nis-2.19.so
7f99143c2000-7f99143c3000 rw-p 0000b000 08:04 5114449                    /lib/x86_64-linux-gnu/libnss_nis-2.19.so
7f99143c3000-7f99143da000 r-xp 00000000 08:04 5111899                    /lib/x86_64-linux-gnu/libnsl-2.19.so
7f99143da000-7f99145d9000 ---p 00017000 08:04 5111899                    /lib/x86_64-linux-gnu/libnsl-2.19.so
7f99145d9000-7f99145da000 r--p 00016000 08:04 5111899                    /lib/x86_64-linux-gnu/libnsl-2.19.so
7f99145da000-7f99145db000 rw-p 00017000 08:04 5111899                    /lib/x86_64-linux-gnu/libnsl-2.19.so
7f99145db000-7f99145dd000 rw-p 00000000 00:00 0 
7f99145dd000-7f99145e6000 r-xp 00000000 08:04 5111900                    /lib/x86_64-linux-gnu/libnss_compat-2.19.so
7f99145e6000-7f99147e5000 ---p 00009000 08:04 5111900                    /lib/x86_64-linux-gnu/libnss_compat-2.19.so
7f99147e5000-7f99147e6000 r--p 00008000 08:04 5111900                    /lib/x86_64-linux-gnu/libnss_compat-2.19.so
7f99147e6000-7f99147e7000 rw-p 00009000 08:04 5111900                    /lib/x86_64-linux-gnu/libnss_compat-2.19.so
7f99147e7000-7f9914811000 r-xp 00000000 08:04 2304218                    /usr/local/java/jdk1.8.0_40/jre/lib/amd64/libjava.so
7f9914811000-7f9914a11000 ---p 0002a000 08:04 2304218                    /usr/local/java/jdk1.8.0_40/jre/lib/amd64/libjava.so
7f9914a11000-7f9914a13000 rw-p 0002a000 08:04 2304218                    /usr/local/java/jdk1.8.0_40/jre/lib/amd64/libjava.so
7f9914a13000-7f9914a20000 r-xp 00000000 08:04 2304222                    /usr/local/java/jdk1.8.0_40/jre/lib/amd64/libverify.so
7f9914a20000-7f9914c20000 ---p 0000d000 08:04 2304222                    /usr/local/java/jdk1.8.0_40/jre/lib/amd64/libverify.so
7f9914c20000-7f9914c22000 rw-p 0000d000 08:04 2304222                    /usr/local/java/jdk1.8.0_40/jre/lib/amd64/libverify.so
7f9914c22000-7f9914c29000 r-xp 00000000 08:04 5114517                    /lib/x86_64-linux-gnu/librt-2.19.so
7f9914c29000-7f9914e28000 ---p 00007000 08:04 5114517                    /lib/x86_64-linux-gnu/librt-2.19.so
7f9914e28000-7f9914e29000 r--p 00006000 08:04 5114517                    /lib/x86_64-linux-gnu/librt-2.19.so
7f9914e29000-7f9914e2a000 rw-p 00007000 08:04 5114517                    /lib/x86_64-linux-gnu/librt-2.19.so
7f9914e2a000-7f9914f2f000 r-xp 00000000 08:04 5111823                    /lib/x86_64-linux-gnu/libm-2.19.so
7f9914f2f000-7f991512e000 ---p 00105000 08:04 5111823                    /lib/x86_64-linux-gnu/libm-2.19.so
7f991512e000-7f991512f000 r--p 00104000 08:04 5111823                    /lib/x86_64-linux-gnu/libm-2.19.so
7f991512f000-7f9915130000 rw-p 00105000 08:04 5111823                    /lib/x86_64-linux-gnu/libm-2.19.so
7f9915130000-7f9915dde000 r-xp 00000000 08:04 2310152                    /usr/local/java/jdk1.8.0_40/jre/lib/amd64/server/libjvm.so
7f9915dde000-7f9915fdd000 ---p 00cae000 08:04 2310152                    /usr/local/java/jdk1.8.0_40/jre/lib/amd64/server/libjvm.so
7f9915fdd000-7f99160b4000 rw-p 00cad000 08:04 2310152                    /usr/local/java/jdk1.8.0_40/jre/lib/amd64/server/libjvm.so
7f99160b4000-7f99160f8000 rw-p 00000000 00:00 0 
7f99160f8000-7f99162b2000 r-xp 00000000 08:04 5112906                    /lib/x86_64-linux-gnu/libc-2.19.so
7f99162b2000-7f99164b1000 ---p 001ba000 08:04 5112906                    /lib/x86_64-linux-gnu/libc-2.19.so
7f99164b1000-7f99164b5000 r--p 001b9000 08:04 5112906                    /lib/x86_64-linux-gnu/libc-2.19.so
7f99164b5000-7f99164b7000 rw-p 001bd000 08:04 5112906                    /lib/x86_64-linux-gnu/libc-2.19.so
7f99164b7000-7f99164bc000 rw-p 00000000 00:00 0 
7f99164bc000-7f99164bf000 r-xp 00000000 08:04 5111902                    /lib/x86_64-linux-gnu/libdl-2.19.so
7f99164bf000-7f99166be000 ---p 00003000 08:04 5111902                    /lib/x86_64-linux-gnu/libdl-2.19.so
7f99166be000-7f99166bf000 r--p 00002000 08:04 5111902                    /lib/x86_64-linux-gnu/libdl-2.19.so
7f99166bf000-7f99166c0000 rw-p 00003000 08:04 5111902                    /lib/x86_64-linux-gnu/libdl-2.19.so
7f99166c0000-7f99166d5000 r-xp 00000000 08:04 2310147                    /usr/local/java/jdk1.8.0_40/jre/lib/amd64/jli/libjli.so
7f99166d5000-7f99168d5000 ---p 00015000 08:04 2310147                    /usr/local/java/jdk1.8.0_40/jre/lib/amd64/jli/libjli.so
7f99168d5000-7f99168d6000 rw-p 00015000 08:04 2310147                    /usr/local/java/jdk1.8.0_40/jre/lib/amd64/jli/libjli.so
7f99168d6000-7f99168ef000 r-xp 00000000 08:04 5111903                    /lib/x86_64-linux-gnu/libpthread-2.19.so
7f99168ef000-7f9916aee000 ---p 00019000 08:04 5111903                    /lib/x86_64-linux-gnu/libpthread-2.19.so
7f9916aee000-7f9916aef000 r--p 00018000 08:04 5111903                    /lib/x86_64-linux-gnu/libpthread-2.19.so
7f9916aef000-7f9916af0000 rw-p 00019000 08:04 5111903                    /lib/x86_64-linux-gnu/libpthread-2.19.so
7f9916af0000-7f9916af4000 rw-p 00000000 00:00 0 
7f9916af4000-7f9916b17000 r-xp 00000000 08:04 5111909                    /lib/x86_64-linux-gnu/ld-2.19.so
7f9916b17000-7f9916b18000 r--s 00003000 08:04 2026952                    /usr/share/java/ant-javamail-1.9.4.jar
7f9916b18000-7f9916b1a000 r--s 00001000 08:04 2026955                    /usr/share/java/ant-apache-log4j-1.9.4.jar
7f9916b1a000-7f9916b1f000 r--s 00010000 08:04 2026924                    /usr/share/java/xml-apis-ext-1.4.01.jar
7f9916b1f000-7f9916bf7000 rw-p 00000000 00:00 0 
7f9916bf7000-7f9916bfa000 ---p 00000000 00:00 0 
7f9916bfa000-7f9916cfc000 rw-p 00000000 00:00 0                          [stack:8152]
7f9916cfc000-7f9916cfd000 r--s 00003000 08:04 2026942                    /usr/share/java/ant-jdepend-1.9.4.jar
7f9916cfd000-7f9916cfe000 r--s 00004000 08:04 2026935                    /usr/share/java/ant-launcher-1.9.4.jar
7f9916cfe000-7f9916d00000 r--s 00015000 08:04 2025788                    /usr/share/java/xml-resolver-1.2.jar
7f9916d00000-7f9916d09000 r--s 00031000 08:04 2026925                    /usr/share/java/xml-apis-1.4.01.jar
7f9916d09000-7f9916d0a000 r--s 00004000 08:04 2026935                    /usr/share/java/ant-launcher-1.9.4.jar
7f9916d0a000-7f9916d12000 rw-s 00000000 08:04 1310761                    /tmp/hsperfdata_ankit/8150
7f9916d12000-7f9916d13000 rw-p 00000000 00:00 0 
7f9916d13000-7f9916d14000 ---p 00000000 00:00 0 
7f9916d14000-7f9916d16000 rw-p 00000000 00:00 0 
7f9916d16000-7f9916d17000 r--p 00022000 08:04 5111909                    /lib/x86_64-linux-gnu/ld-2.19.so
7f9916d17000-7f9916d18000 rw-p 00023000 08:04 5111909                    /lib/x86_64-linux-gnu/ld-2.19.so
7f9916d18000-7f9916d19000 rw-p 00000000 00:00 0 
7ffdb6b54000-7ffdb6b76000 rw-p 00000000 00:00 0                          [stack]
7ffdb6bd2000-7ffdb6bd4000 r-xp 00000000 00:00 0                          [vdso]
7ffdb6bd4000-7ffdb6bd6000 r--p 00000000 00:00 0                          [vvar]
ffffffffff600000-ffffffffff601000 r-xp 00000000 00:00 0                  [vsyscall]

VM Arguments:
jvm_args: -Dant.home=/usr/share/ant -Dant.library.dir=/usr/share/ant/lib 
java_command: org.apache.tools.ant.launch.Launcher -cp 
java_class_path (initial): /usr/share/ant/lib/ant-launcher.jar:/usr/share/java/xmlParserAPIs.jar:/usr/share/java/xercesImpl.jar
Launcher Type: SUN_STANDARD

Environment Variables:
JAVA_HOME=/usr/local/java/jdk1.8.0_40
PATH=/home/ankit/.gvm/vertx/current/bin:/home/ankit/.gvm/springboot/current/bin:/home/ankit/.gvm/lazybones/current/bin:/home/ankit/.gvm/jbake/current/bin:/home/ankit/.gvm/groovyserv/current/bin:/home/ankit/.gvm/groovy/current/bin:/home/ankit/.gvm/griffon/current/bin:/home/ankit/.gvm/grails/current/bin:/home/ankit/.gvm/gradle/current/bin:/home/ankit/.gvm/glide/current/bin:/home/ankit/.gvm/gaiden/current/bin:/home/ankit/.gvm/crash/current/bin:/home/ankit/.gvm/asciidoctorj/current/bin:/usr/local/sbin:/usr/local/bin:/usr/sbin:/usr/bin:/sbin:/bin:/usr/games:/usr/local/games:/home/ankit/bin:/usr/local/java/jdk1.8.0_40/bin
SHELL=/bin/bash
DISPLAY=:0

Signal Handlers:
SIGSEGV: [libjvm.so+0xaad2e0], sa_mask[0]=11111111011111111101111111111110, sa_flags=SA_RESTART|SA_SIGINFO
SIGBUS: [libjvm.so+0xaad2e0], sa_mask[0]=11111111011111111101111111111110, sa_flags=SA_RESTART|SA_SIGINFO
SIGFPE: [libjvm.so+0x90b550], sa_mask[0]=11111111011111111101111111111110, sa_flags=SA_RESTART|SA_SIGINFO
SIGPIPE: [libjvm.so+0x90b550], sa_mask[0]=11111111011111111101111111111110, sa_flags=SA_RESTART|SA_SIGINFO
SIGXFSZ: [libjvm.so+0x90b550], sa_mask[0]=11111111011111111101111111111110, sa_flags=SA_RESTART|SA_SIGINFO
SIGILL: [libjvm.so+0x90b550], sa_mask[0]=11111111011111111101111111111110, sa_flags=SA_RESTART|SA_SIGINFO
SIGUSR1: SIG_DFL, sa_mask[0]=00000000000000000000000000000000, sa_flags=none
SIGUSR2: [libjvm.so+0x90cb90], sa_mask[0]=00000000000000000000000000000000, sa_flags=SA_RESTART|SA_SIGINFO
SIGHUP: [libjvm.so+0x90dee0], sa_mask[0]=11111111011111111101111111111110, sa_flags=SA_RESTART|SA_SIGINFO
SIGINT: [libjvm.so+0x90dee0], sa_mask[0]=11111111011111111101111111111110, sa_flags=SA_RESTART|SA_SIGINFO
SIGTERM: [libjvm.so+0x90dee0], sa_mask[0]=11111111011111111101111111111110, sa_flags=SA_RESTART|SA_SIGINFO
SIGQUIT: [libjvm.so+0x90dee0], sa_mask[0]=11111111011111111101111111111110, sa_flags=SA_RESTART|SA_SIGINFO


---------------  S Y S T E M  ---------------

OS:DISTRIB_ID=Ubuntu
DISTRIB_RELEASE=14.10
DISTRIB_CODENAME=utopic
DISTRIB_DESCRIPTION="Ubuntu 14.10"

uname:Linux 3.16.0-34-generic #45-Ubuntu SMP Mon Mar 23 17:21:27 UTC 2015 x86_64
libc:glibc 2.19 NPTL 2.19 
rlimit: STACK 8192k, CORE 0k, NPROC 14928, NOFILE 4096, AS infinity
load average:4.06 2.06 1.43

/proc/meminfo:
MemTotal:        3843884 kB
MemFree:          112456 kB
MemAvailable:      53476 kB
Buffers:             832 kB
Cached:           202096 kB
SwapCached:            0 kB
Active:          3400436 kB
Inactive:         178476 kB
Active(anon):    3389184 kB
Inactive(anon):   167176 kB
Active(file):      11252 kB
Inactive(file):    11300 kB
Unevictable:          32 kB
Mlocked:              32 kB
SwapTotal:             0 kB
SwapFree:              0 kB
Dirty:               188 kB
Writeback:             0 kB
AnonPages:       3376564 kB
Mapped:            52508 kB
Shmem:            179828 kB
Slab:              57904 kB
SReclaimable:      28412 kB
SUnreclaim:        29492 kB
KernelStack:       10032 kB
PageTables:        33436 kB
NFS_Unstable:          0 kB
Bounce:                0 kB
WritebackTmp:          0 kB
CommitLimit:     1921940 kB
Committed_AS:    7182856 kB
VmallocTotal:   34359738367 kB
VmallocUsed:      544408 kB
VmallocChunk:   34359174620 kB
HardwareCorrupted:     0 kB
AnonHugePages:    749568 kB
HugePages_Total:       0
HugePages_Free:        0
HugePages_Rsvd:        0
HugePages_Surp:        0
Hugepagesize:       2048 kB
DirectMap4k:       70732 kB
DirectMap2M:     3917824 kB


CPU:total 4 (2 cores per cpu, 2 threads per core) family 6 model 37 stepping 5, cmov, cx8, fxsr, mmx, sse, sse2, sse3, ssse3, sse4.1, sse4.2, popcnt, ht, tsc, tscinvbit

/proc/cpuinfo:
processor	: 0
vendor_id	: GenuineIntel
cpu family	: 6
model		: 37
model name	: Intel(R) Core(TM) i3 CPU       M 380  @ 2.53GHz
stepping	: 5
microcode	: 0x2
cpu MHz		: 2527.000
cache size	: 3072 KB
physical id	: 0
siblings	: 4
core id		: 0
cpu cores	: 2
apicid		: 0
initial apicid	: 0
fpu		: yes
fpu_exception	: yes
cpuid level	: 11
wp		: yes
flags		: fpu vme de pse tsc msr pae mce cx8 apic sep mtrr pge mca cmov pat pse36 clflush dts acpi mmx fxsr sse sse2 ss ht tm pbe syscall nx rdtscp lm constant_tsc arch_perfmon pebs bts rep_good nopl xtopology nonstop_tsc aperfmperf pni dtes64 monitor ds_cpl vmx est tm2 ssse3 cx16 xtpr pdcm pcid sse4_1 sse4_2 popcnt lahf_lm arat dtherm tpr_shadow vnmi flexpriority ept vpid
bogomips	: 5053.64
clflush size	: 64
cache_alignment	: 64
address sizes	: 36 bits physical, 48 bits virtual
power management:

processor	: 1
vendor_id	: GenuineIntel
cpu family	: 6
model		: 37
model name	: Intel(R) Core(TM) i3 CPU       M 380  @ 2.53GHz
stepping	: 5
microcode	: 0x2
cpu MHz		: 2527.000
cache size	: 3072 KB
physical id	: 0
siblings	: 4
core id		: 2
cpu cores	: 2
apicid		: 4
initial apicid	: 4
fpu		: yes
fpu_exception	: yes
cpuid level	: 11
wp		: yes
flags		: fpu vme de pse tsc msr pae mce cx8 apic sep mtrr pge mca cmov pat pse36 clflush dts acpi mmx fxsr sse sse2 ss ht tm pbe syscall nx rdtscp lm constant_tsc arch_perfmon pebs bts rep_good nopl xtopology nonstop_tsc aperfmperf pni dtes64 monitor ds_cpl vmx est tm2 ssse3 cx16 xtpr pdcm pcid sse4_1 sse4_2 popcnt lahf_lm arat dtherm tpr_shadow vnmi flexpriority ept vpid
bogomips	: 5053.64
clflush size	: 64
cache_alignment	: 64
address sizes	: 36 bits physical, 48 bits virtual
power management:

processor	: 2
vendor_id	: GenuineIntel
cpu family	: 6
model		: 37
model name	: Intel(R) Core(TM) i3 CPU       M 380  @ 2.53GHz
stepping	: 5
microcode	: 0x2
cpu MHz		: 931.000
cache size	: 3072 KB
physical id	: 0
siblings	: 4
core id		: 0
cpu cores	: 2
apicid		: 1
initial apicid	: 1
fpu		: yes
fpu_exception	: yes
cpuid level	: 11
wp		: yes
flags		: fpu vme de pse tsc msr pae mce cx8 apic sep mtrr pge mca cmov pat pse36 clflush dts acpi mmx fxsr sse sse2 ss ht tm pbe syscall nx rdtscp lm constant_tsc arch_perfmon pebs bts rep_good nopl xtopology nonstop_tsc aperfmperf pni dtes64 monitor ds_cpl vmx est tm2 ssse3 cx16 xtpr pdcm pcid sse4_1 sse4_2 popcnt lahf_lm arat dtherm tpr_shadow vnmi flexpriority ept vpid
bogomips	: 5053.64
clflush size	: 64
cache_alignment	: 64
address sizes	: 36 bits physical, 48 bits virtual
power management:

processor	: 3
vendor_id	: GenuineIntel
cpu family	: 6
model		: 37
model name	: Intel(R) Core(TM) i3 CPU       M 380  @ 2.53GHz
stepping	: 5
microcode	: 0x2
cpu MHz		: 2527.000
cache size	: 3072 KB
physical id	: 0
siblings	: 4
core id		: 2
cpu cores	: 2
apicid		: 5
initial apicid	: 5
fpu		: yes
fpu_exception	: yes
cpuid level	: 11
wp		: yes
flags		: fpu vme de pse tsc msr pae mce cx8 apic sep mtrr pge mca cmov pat pse36 clflush dts acpi mmx fxsr sse sse2 ss ht tm pbe syscall nx rdtscp lm constant_tsc arch_perfmon pebs bts rep_good nopl xtopology nonstop_tsc aperfmperf pni dtes64 monitor ds_cpl vmx est tm2 ssse3 cx16 xtpr pdcm pcid sse4_1 sse4_2 popcnt lahf_lm arat dtherm tpr_shadow vnmi flexpriority ept vpid
bogomips	: 5053.64
clflush size	: 64
cache_alignment	: 64
address sizes	: 36 bits physical, 48 bits virtual
power management:



Memory: 4k page, physical 3843884k(112288k free), swap 0k(0k free)

vm_info: Java HotSpot(TM) 64-Bit Server VM (25.40-b25) for linux-amd64 JRE (1.8.0_40-b25), built on Feb 10 2015 21:29:53 by "java_re" with gcc 4.3.0 20080428 (Red Hat 4.3.0-8)

time: Mon Apr 13 03:54:17 2015
elapsed time: 22 seconds (0d 0h 0m 22s)

